INFO: [VRFC 10-2263] Analyzing Verilog file "C:/Users/Simone/Desktop/finale/TacconiAsnaghi_PUF/TacconiAsnaghi_PUF.sim/IBS_dut/impl/timing/xsim/tb_IBS_time_impl.v" into library xil_defaultlib
INFO: [VRFC 10-311] analyzing module Arbiter_PUF
INFO: [VRFC 10-311] analyzing module IBS_Standalone
INFO: [VRFC 10-311] analyzing module arbiter
INFO: [VRFC 10-311] analyzing module arbiter_0
INFO: [VRFC 10-311] analyzing module arbiter_10
INFO: [VRFC 10-311] analyzing module arbiter_12
INFO: [VRFC 10-311] analyzing module arbiter_2
INFO: [VRFC 10-311] analyzing module arbiter_4
INFO: [VRFC 10-311] analyzing module arbiter_6
INFO: [VRFC 10-311] analyzing module arbiter_8
INFO: [VRFC 10-311] analyzing module enmapper_ECC
INFO: [VRFC 10-311] analyzing module singlebitAPUF
INFO: [VRFC 10-311] analyzing module singlebitAPUF_1
INFO: [VRFC 10-311] analyzing module singlebitAPUF_11
INFO: [VRFC 10-311] analyzing module singlebitAPUF_13
INFO: [VRFC 10-311] analyzing module singlebitAPUF_3
INFO: [VRFC 10-311] analyzing module singlebitAPUF_5
INFO: [VRFC 10-311] analyzing module singlebitAPUF_7
INFO: [VRFC 10-311] analyzing module singlebitAPUF_9
INFO: [VRFC 10-311] analyzing module starter
INFO: [VRFC 10-311] analyzing module glbl
INFO: [VRFC 10-2263] Analyzing Verilog file "C:/Users/Simone/Desktop/finale/TacconiAsnaghi_PUF/TacconiAsnaghi_PUF.srcs/sources_1/new/IBS_Standalone.v" into library xil_defaultlib
INFO: [VRFC 10-311] analyzing module IBS_Standalone
WARNING: [VRFC 10-3609] overwriting previous definition of module 'IBS_Standalone' [C:/Users/Simone/Desktop/finale/TacconiAsnaghi_PUF/TacconiAsnaghi_PUF.srcs/sources_1/new/IBS_Standalone.v:16]
INFO: [VRFC 10-2263] Analyzing Verilog file "C:/Users/Simone/Desktop/finale/TacconiAsnaghi_PUF/TacconiAsnaghi_PUF.srcs/sources_1/new/controller_ECC.v" into library xil_defaultlib
INFO: [VRFC 10-311] analyzing module controller_ECC
INFO: [VRFC 10-2263] Analyzing Verilog file "C:/Users/Simone/Desktop/finale/TacconiAsnaghi_PUF/TacconiAsnaghi_PUF.srcs/sources_1/new/demapper_ECC.v" into library xil_defaultlib
INFO: [VRFC 10-311] analyzing module demapper_ECC
INFO: [VRFC 10-2263] Analyzing Verilog file "C:/Users/Simone/Desktop/finale/TacconiAsnaghi_PUF/TacconiAsnaghi_PUF.srcs/sources_1/new/enmapper_ECC.v" into library xil_defaultlib
INFO: [VRFC 10-311] analyzing module enmapper_ECC
WARNING: [VRFC 10-3609] overwriting previous definition of module 'enmapper_ECC' [C:/Users/Simone/Desktop/finale/TacconiAsnaghi_PUF/TacconiAsnaghi_PUF.srcs/sources_1/new/enmapper_ECC.v:16]
INFO: [VRFC 10-2263] Analyzing Verilog file "C:/Users/Simone/Desktop/finale/TacconiAsnaghi_PUF/TacconiAsnaghi_PUF.srcs/IBS_dut/new/tb_IBS.v" into library xil_defaultlib
INFO: [VRFC 10-311] analyzing module tb_IBS
