
*** Running vivado
    with args -log Arbiter_PUF.vds -m64 -product Vivado -mode batch -messageDb vivado.pb -notrace -source Arbiter_PUF.tcl



****** Vivado v2020.2 (64-bit)
  **** SW Build 3064766 on Wed Nov 18 09:12:45 MST 2020
  **** IP Build 3064653 on Wed Nov 18 14:17:31 MST 2020
    ** Copyright 1986-2020 Xilinx, Inc. All Rights Reserved.

source Arbiter_PUF.tcl -notrace
Command: synth_design -top Arbiter_PUF -part xc7a35tcpg236-1
Starting synth_design
Attempting to get a license for feature 'Synthesis' and/or device 'xc7a35t'
INFO: [Common 17-349] Got license for feature 'Synthesis' and/or device 'xc7a35t'
INFO: [Device 21-403] Loading part xc7a35tcpg236-1
INFO: [Synth 8-7079] Multithreading enabled for synth_design using a maximum of 2 processes.
INFO: [Synth 8-7078] Launching helper process for spawning children vivado processes
INFO: [Synth 8-7075] Helper process launched with PID 2112
---------------------------------------------------------------------------------
Starting RTL Elaboration : Time (s): cpu = 00:00:16 ; elapsed = 00:00:17 . Memory (MB): peak = 1006.016 ; gain = 0.000
---------------------------------------------------------------------------------
INFO: [Synth 8-6157] synthesizing module 'Arbiter_PUF' [C:/Users/Simone/Desktop/finale/TacconiAsnaghi_PUF/TacconiAsnaghi_PUF.srcs/sources_1/new/Arbiter_PUF.v:17]
	Parameter CHALLENGE_BITS bound to: 16 - type: integer 
	Parameter RESPONSE_BITS bound to: 8 - type: integer 
	Parameter ROW_NUMBER bound to: 2 - type: integer 
	Parameter ITERATION bound to: 8 - type: integer 
	Parameter INDEX_BITS bound to: 8 - type: integer 
INFO: [Synth 8-6157] synthesizing module 'starter' [C:/Users/Simone/Desktop/finale/TacconiAsnaghi_PUF/TacconiAsnaghi_PUF.srcs/sources_1/new/starter.v:21]
	Parameter CHALLENGE_BITS bound to: 16 - type: integer 
	Parameter RESPONSE_BITS bound to: 8 - type: integer 
INFO: [Synth 8-6157] synthesizing module 'singlebitAPUF' [C:/Users/Simone/Desktop/finale/TacconiAsnaghi_PUF/TacconiAsnaghi_PUF.srcs/sources_1/new/singlebitAPUF.v:16]
	Parameter CHALLENGE_BITS bound to: 16 - type: integer 
INFO: [Synth 8-6157] synthesizing module 'LUT3' [C:/Xilinx/Vivado/2020.2/scripts/rt/data/unisim_comp.v:39209]
	Parameter INIT bound to: 8'b10101010 
INFO: [Synth 8-6155] done synthesizing module 'LUT3' (1#1) [C:/Xilinx/Vivado/2020.2/scripts/rt/data/unisim_comp.v:39209]
INFO: [Synth 8-6155] done synthesizing module 'singlebitAPUF' (2#1) [C:/Users/Simone/Desktop/finale/TacconiAsnaghi_PUF/TacconiAsnaghi_PUF.srcs/sources_1/new/singlebitAPUF.v:16]
INFO: [Synth 8-6157] synthesizing module 'arbiter' [C:/Users/Simone/Desktop/finale/TacconiAsnaghi_PUF/TacconiAsnaghi_PUF.srcs/sources_1/new/arbiter.v:17]
INFO: [Synth 8-6155] done synthesizing module 'arbiter' (3#1) [C:/Users/Simone/Desktop/finale/TacconiAsnaghi_PUF/TacconiAsnaghi_PUF.srcs/sources_1/new/arbiter.v:17]
INFO: [Synth 8-6155] done synthesizing module 'starter' (4#1) [C:/Users/Simone/Desktop/finale/TacconiAsnaghi_PUF/TacconiAsnaghi_PUF.srcs/sources_1/new/starter.v:21]
WARNING: [Synth 8-6104] Input port 'response_in' has an internal driver [C:/Users/Simone/Desktop/finale/TacconiAsnaghi_PUF/TacconiAsnaghi_PUF.srcs/sources_1/new/Arbiter_PUF.v:46]
INFO: [Synth 8-6157] synthesizing module 'IBS_Standalone' [C:/Users/Simone/Desktop/finale/TacconiAsnaghi_PUF/TacconiAsnaghi_PUF.srcs/sources_1/new/IBS_Standalone.v:16]
	Parameter RESPONSE_BITS bound to: 8 - type: integer 
	Parameter ROW_NUMBER bound to: 2 - type: integer 
	Parameter ITERATION bound to: 8 - type: integer 
	Parameter INDEX_BITS bound to: 8 - type: integer 
	Parameter CLK_PER_RESPONSE bound to: 2 - type: integer 
INFO: [Synth 8-6157] synthesizing module 'enmapper_ECC' [C:/Users/Simone/Desktop/finale/TacconiAsnaghi_PUF/TacconiAsnaghi_PUF.srcs/sources_1/new/enmapper_ECC.v:16]
	Parameter RESPONSE_BITS bound to: 8 - type: integer 
	Parameter ROW_NUMBER bound to: 2 - type: integer 
	Parameter ITERATION bound to: 8 - type: integer 
	Parameter INDEX_BITS bound to: 8 - type: integer 
	Parameter IDLE_STATE bound to: 2'b00 
	Parameter STORAGE_STATE bound to: 2'b01 
	Parameter COMPUTING_STATE bound to: 2'b10 
	Parameter OUT_STATE bound to: 2'b11 
WARNING: [Synth 8-6090] variable 'count' is written by both blocking and non-blocking assignments, entire logic could be removed [C:/Users/Simone/Desktop/finale/TacconiAsnaghi_PUF/TacconiAsnaghi_PUF.srcs/sources_1/new/enmapper_ECC.v:63]
WARNING: [Synth 8-6090] variable 'count' is written by both blocking and non-blocking assignments, entire logic could be removed [C:/Users/Simone/Desktop/finale/TacconiAsnaghi_PUF/TacconiAsnaghi_PUF.srcs/sources_1/new/enmapper_ECC.v:63]
WARNING: [Synth 8-6090] variable 'count' is written by both blocking and non-blocking assignments, entire logic could be removed [C:/Users/Simone/Desktop/finale/TacconiAsnaghi_PUF/TacconiAsnaghi_PUF.srcs/sources_1/new/enmapper_ECC.v:63]
INFO: [Synth 8-226] default block is never used [C:/Users/Simone/Desktop/finale/TacconiAsnaghi_PUF/TacconiAsnaghi_PUF.srcs/sources_1/new/enmapper_ECC.v:85]
INFO: [Synth 8-6155] done synthesizing module 'enmapper_ECC' (5#1) [C:/Users/Simone/Desktop/finale/TacconiAsnaghi_PUF/TacconiAsnaghi_PUF.srcs/sources_1/new/enmapper_ECC.v:16]
INFO: [Synth 8-6157] synthesizing module 'demapper_ECC' [C:/Users/Simone/Desktop/finale/TacconiAsnaghi_PUF/TacconiAsnaghi_PUF.srcs/sources_1/new/demapper_ECC.v:16]
	Parameter RESPONSE_BITS bound to: 8 - type: integer 
	Parameter ROW_NUMBER bound to: 2 - type: integer 
	Parameter ITERATION bound to: 8 - type: integer 
	Parameter INDEX_BITS bound to: 8 - type: integer 
	Parameter IDLE_STATE bound to: 2'b00 
	Parameter STORAGE_STATE bound to: 2'b01 
	Parameter COMPUTING_STATE bound to: 2'b10 
	Parameter OUT_STATE bound to: 2'b11 
INFO: [Synth 8-226] default block is never used [C:/Users/Simone/Desktop/finale/TacconiAsnaghi_PUF/TacconiAsnaghi_PUF.srcs/sources_1/new/demapper_ECC.v:84]
INFO: [Synth 8-6155] done synthesizing module 'demapper_ECC' (6#1) [C:/Users/Simone/Desktop/finale/TacconiAsnaghi_PUF/TacconiAsnaghi_PUF.srcs/sources_1/new/demapper_ECC.v:16]
INFO: [Synth 8-6157] synthesizing module 'controller_ECC' [C:/Users/Simone/Desktop/finale/TacconiAsnaghi_PUF/TacconiAsnaghi_PUF.srcs/sources_1/new/controller_ECC.v:16]
	Parameter RESPONSE_BITS bound to: 8 - type: integer 
	Parameter ROW_NUMBER bound to: 2 - type: integer 
	Parameter INDEX_BITS bound to: 8 - type: integer 
INFO: [Synth 8-6155] done synthesizing module 'controller_ECC' (7#1) [C:/Users/Simone/Desktop/finale/TacconiAsnaghi_PUF/TacconiAsnaghi_PUF.srcs/sources_1/new/controller_ECC.v:16]
INFO: [Synth 8-6155] done synthesizing module 'IBS_Standalone' (8#1) [C:/Users/Simone/Desktop/finale/TacconiAsnaghi_PUF/TacconiAsnaghi_PUF.srcs/sources_1/new/IBS_Standalone.v:16]
WARNING: [Synth 8-567] referenced signal 'response_internal' should be on the sensitivity list [C:/Users/Simone/Desktop/finale/TacconiAsnaghi_PUF/TacconiAsnaghi_PUF.srcs/sources_1/new/Arbiter_PUF.v:80]
WARNING: [Synth 8-567] referenced signal 'response_out' should be on the sensitivity list [C:/Users/Simone/Desktop/finale/TacconiAsnaghi_PUF/TacconiAsnaghi_PUF.srcs/sources_1/new/Arbiter_PUF.v:88]
INFO: [Synth 8-6155] done synthesizing module 'Arbiter_PUF' (9#1) [C:/Users/Simone/Desktop/finale/TacconiAsnaghi_PUF/TacconiAsnaghi_PUF.srcs/sources_1/new/Arbiter_PUF.v:17]
---------------------------------------------------------------------------------
Finished RTL Elaboration : Time (s): cpu = 00:00:30 ; elapsed = 00:00:32 . Memory (MB): peak = 1017.148 ; gain = 11.133
---------------------------------------------------------------------------------
---------------------------------------------------------------------------------
Start Handling Custom Attributes
---------------------------------------------------------------------------------
---------------------------------------------------------------------------------
Finished Handling Custom Attributes : Time (s): cpu = 00:00:33 ; elapsed = 00:00:35 . Memory (MB): peak = 1025.734 ; gain = 19.719
---------------------------------------------------------------------------------
---------------------------------------------------------------------------------
Finished RTL Optimization Phase 1 : Time (s): cpu = 00:00:33 ; elapsed = 00:00:35 . Memory (MB): peak = 1025.734 ; gain = 19.719
---------------------------------------------------------------------------------
Netlist sorting complete. Time (s): cpu = 00:00:01 ; elapsed = 00:00:00.504 . Memory (MB): peak = 1035.016 ; gain = 0.000
INFO: [Project 1-570] Preparing netlist for logic optimization

Processing XDC Constraints
Initializing timing engine
Parsing XDC File [C:/Users/Simone/Desktop/finale/TacconiAsnaghi_PUF/TacconiAsnaghi_PUF.srcs/constrs_1/new/pins.xdc]
WARNING: [Vivado 12-584] No ports matched 'challenge_in_0[0]'. [C:/Users/Simone/Desktop/finale/TacconiAsnaghi_PUF/TacconiAsnaghi_PUF.srcs/constrs_1/new/pins.xdc:12]
CRITICAL WARNING: [Common 17-55] 'set_property' expects at least one object. [C:/Users/Simone/Desktop/finale/TacconiAsnaghi_PUF/TacconiAsnaghi_PUF.srcs/constrs_1/new/pins.xdc:12]
Resolution: If [get_<value>] was used to populate the object, check to make sure this command returns at least one valid object.
WARNING: [Vivado 12-584] No ports matched 'challenge_in_0[0]'. [C:/Users/Simone/Desktop/finale/TacconiAsnaghi_PUF/TacconiAsnaghi_PUF.srcs/constrs_1/new/pins.xdc:13]
CRITICAL WARNING: [Common 17-55] 'set_property' expects at least one object. [C:/Users/Simone/Desktop/finale/TacconiAsnaghi_PUF/TacconiAsnaghi_PUF.srcs/constrs_1/new/pins.xdc:13]
Resolution: If [get_<value>] was used to populate the object, check to make sure this command returns at least one valid object.
WARNING: [Vivado 12-584] No ports matched 'challenge_in_0[1]'. [C:/Users/Simone/Desktop/finale/TacconiAsnaghi_PUF/TacconiAsnaghi_PUF.srcs/constrs_1/new/pins.xdc:14]
CRITICAL WARNING: [Common 17-55] 'set_property' expects at least one object. [C:/Users/Simone/Desktop/finale/TacconiAsnaghi_PUF/TacconiAsnaghi_PUF.srcs/constrs_1/new/pins.xdc:14]
Resolution: If [get_<value>] was used to populate the object, check to make sure this command returns at least one valid object.
WARNING: [Vivado 12-584] No ports matched 'challenge_in_0[1]'. [C:/Users/Simone/Desktop/finale/TacconiAsnaghi_PUF/TacconiAsnaghi_PUF.srcs/constrs_1/new/pins.xdc:15]
CRITICAL WARNING: [Common 17-55] 'set_property' expects at least one object. [C:/Users/Simone/Desktop/finale/TacconiAsnaghi_PUF/TacconiAsnaghi_PUF.srcs/constrs_1/new/pins.xdc:15]
Resolution: If [get_<value>] was used to populate the object, check to make sure this command returns at least one valid object.
WARNING: [Vivado 12-584] No ports matched 'challenge_in_0[2]'. [C:/Users/Simone/Desktop/finale/TacconiAsnaghi_PUF/TacconiAsnaghi_PUF.srcs/constrs_1/new/pins.xdc:16]
CRITICAL WARNING: [Common 17-55] 'set_property' expects at least one object. [C:/Users/Simone/Desktop/finale/TacconiAsnaghi_PUF/TacconiAsnaghi_PUF.srcs/constrs_1/new/pins.xdc:16]
Resolution: If [get_<value>] was used to populate the object, check to make sure this command returns at least one valid object.
WARNING: [Vivado 12-584] No ports matched 'challenge_in_0[2]'. [C:/Users/Simone/Desktop/finale/TacconiAsnaghi_PUF/TacconiAsnaghi_PUF.srcs/constrs_1/new/pins.xdc:17]
CRITICAL WARNING: [Common 17-55] 'set_property' expects at least one object. [C:/Users/Simone/Desktop/finale/TacconiAsnaghi_PUF/TacconiAsnaghi_PUF.srcs/constrs_1/new/pins.xdc:17]
Resolution: If [get_<value>] was used to populate the object, check to make sure this command returns at least one valid object.
WARNING: [Vivado 12-584] No ports matched 'challenge_in_0[3]'. [C:/Users/Simone/Desktop/finale/TacconiAsnaghi_PUF/TacconiAsnaghi_PUF.srcs/constrs_1/new/pins.xdc:18]
CRITICAL WARNING: [Common 17-55] 'set_property' expects at least one object. [C:/Users/Simone/Desktop/finale/TacconiAsnaghi_PUF/TacconiAsnaghi_PUF.srcs/constrs_1/new/pins.xdc:18]
Resolution: If [get_<value>] was used to populate the object, check to make sure this command returns at least one valid object.
WARNING: [Vivado 12-584] No ports matched 'challenge_in_0[3]'. [C:/Users/Simone/Desktop/finale/TacconiAsnaghi_PUF/TacconiAsnaghi_PUF.srcs/constrs_1/new/pins.xdc:19]
CRITICAL WARNING: [Common 17-55] 'set_property' expects at least one object. [C:/Users/Simone/Desktop/finale/TacconiAsnaghi_PUF/TacconiAsnaghi_PUF.srcs/constrs_1/new/pins.xdc:19]
Resolution: If [get_<value>] was used to populate the object, check to make sure this command returns at least one valid object.
WARNING: [Vivado 12-584] No ports matched 'challenge_in_0[4]'. [C:/Users/Simone/Desktop/finale/TacconiAsnaghi_PUF/TacconiAsnaghi_PUF.srcs/constrs_1/new/pins.xdc:20]
CRITICAL WARNING: [Common 17-55] 'set_property' expects at least one object. [C:/Users/Simone/Desktop/finale/TacconiAsnaghi_PUF/TacconiAsnaghi_PUF.srcs/constrs_1/new/pins.xdc:20]
Resolution: If [get_<value>] was used to populate the object, check to make sure this command returns at least one valid object.
WARNING: [Vivado 12-584] No ports matched 'challenge_in_0[4]'. [C:/Users/Simone/Desktop/finale/TacconiAsnaghi_PUF/TacconiAsnaghi_PUF.srcs/constrs_1/new/pins.xdc:21]
CRITICAL WARNING: [Common 17-55] 'set_property' expects at least one object. [C:/Users/Simone/Desktop/finale/TacconiAsnaghi_PUF/TacconiAsnaghi_PUF.srcs/constrs_1/new/pins.xdc:21]
Resolution: If [get_<value>] was used to populate the object, check to make sure this command returns at least one valid object.
WARNING: [Vivado 12-584] No ports matched 'challenge_in_0[5]'. [C:/Users/Simone/Desktop/finale/TacconiAsnaghi_PUF/TacconiAsnaghi_PUF.srcs/constrs_1/new/pins.xdc:22]
CRITICAL WARNING: [Common 17-55] 'set_property' expects at least one object. [C:/Users/Simone/Desktop/finale/TacconiAsnaghi_PUF/TacconiAsnaghi_PUF.srcs/constrs_1/new/pins.xdc:22]
Resolution: If [get_<value>] was used to populate the object, check to make sure this command returns at least one valid object.
WARNING: [Vivado 12-584] No ports matched 'challenge_in_0[5]'. [C:/Users/Simone/Desktop/finale/TacconiAsnaghi_PUF/TacconiAsnaghi_PUF.srcs/constrs_1/new/pins.xdc:23]
CRITICAL WARNING: [Common 17-55] 'set_property' expects at least one object. [C:/Users/Simone/Desktop/finale/TacconiAsnaghi_PUF/TacconiAsnaghi_PUF.srcs/constrs_1/new/pins.xdc:23]
Resolution: If [get_<value>] was used to populate the object, check to make sure this command returns at least one valid object.
WARNING: [Vivado 12-584] No ports matched 'challenge_in_0[6]'. [C:/Users/Simone/Desktop/finale/TacconiAsnaghi_PUF/TacconiAsnaghi_PUF.srcs/constrs_1/new/pins.xdc:24]
CRITICAL WARNING: [Common 17-55] 'set_property' expects at least one object. [C:/Users/Simone/Desktop/finale/TacconiAsnaghi_PUF/TacconiAsnaghi_PUF.srcs/constrs_1/new/pins.xdc:24]
Resolution: If [get_<value>] was used to populate the object, check to make sure this command returns at least one valid object.
WARNING: [Vivado 12-584] No ports matched 'challenge_in_0[6]'. [C:/Users/Simone/Desktop/finale/TacconiAsnaghi_PUF/TacconiAsnaghi_PUF.srcs/constrs_1/new/pins.xdc:25]
CRITICAL WARNING: [Common 17-55] 'set_property' expects at least one object. [C:/Users/Simone/Desktop/finale/TacconiAsnaghi_PUF/TacconiAsnaghi_PUF.srcs/constrs_1/new/pins.xdc:25]
Resolution: If [get_<value>] was used to populate the object, check to make sure this command returns at least one valid object.
WARNING: [Vivado 12-584] No ports matched 'challenge_in_0[7]'. [C:/Users/Simone/Desktop/finale/TacconiAsnaghi_PUF/TacconiAsnaghi_PUF.srcs/constrs_1/new/pins.xdc:26]
CRITICAL WARNING: [Common 17-55] 'set_property' expects at least one object. [C:/Users/Simone/Desktop/finale/TacconiAsnaghi_PUF/TacconiAsnaghi_PUF.srcs/constrs_1/new/pins.xdc:26]
Resolution: If [get_<value>] was used to populate the object, check to make sure this command returns at least one valid object.
WARNING: [Vivado 12-584] No ports matched 'challenge_in_0[7]'. [C:/Users/Simone/Desktop/finale/TacconiAsnaghi_PUF/TacconiAsnaghi_PUF.srcs/constrs_1/new/pins.xdc:27]
CRITICAL WARNING: [Common 17-55] 'set_property' expects at least one object. [C:/Users/Simone/Desktop/finale/TacconiAsnaghi_PUF/TacconiAsnaghi_PUF.srcs/constrs_1/new/pins.xdc:27]
Resolution: If [get_<value>] was used to populate the object, check to make sure this command returns at least one valid object.
WARNING: [Vivado 12-584] No ports matched 'challenge_in_0[8]'. [C:/Users/Simone/Desktop/finale/TacconiAsnaghi_PUF/TacconiAsnaghi_PUF.srcs/constrs_1/new/pins.xdc:28]
CRITICAL WARNING: [Common 17-55] 'set_property' expects at least one object. [C:/Users/Simone/Desktop/finale/TacconiAsnaghi_PUF/TacconiAsnaghi_PUF.srcs/constrs_1/new/pins.xdc:28]
Resolution: If [get_<value>] was used to populate the object, check to make sure this command returns at least one valid object.
WARNING: [Vivado 12-584] No ports matched 'challenge_in_0[8]'. [C:/Users/Simone/Desktop/finale/TacconiAsnaghi_PUF/TacconiAsnaghi_PUF.srcs/constrs_1/new/pins.xdc:29]
CRITICAL WARNING: [Common 17-55] 'set_property' expects at least one object. [C:/Users/Simone/Desktop/finale/TacconiAsnaghi_PUF/TacconiAsnaghi_PUF.srcs/constrs_1/new/pins.xdc:29]
Resolution: If [get_<value>] was used to populate the object, check to make sure this command returns at least one valid object.
WARNING: [Vivado 12-584] No ports matched 'challenge_in_0[9]'. [C:/Users/Simone/Desktop/finale/TacconiAsnaghi_PUF/TacconiAsnaghi_PUF.srcs/constrs_1/new/pins.xdc:30]
CRITICAL WARNING: [Common 17-55] 'set_property' expects at least one object. [C:/Users/Simone/Desktop/finale/TacconiAsnaghi_PUF/TacconiAsnaghi_PUF.srcs/constrs_1/new/pins.xdc:30]
Resolution: If [get_<value>] was used to populate the object, check to make sure this command returns at least one valid object.
WARNING: [Vivado 12-584] No ports matched 'challenge_in_0[9]'. [C:/Users/Simone/Desktop/finale/TacconiAsnaghi_PUF/TacconiAsnaghi_PUF.srcs/constrs_1/new/pins.xdc:31]
CRITICAL WARNING: [Common 17-55] 'set_property' expects at least one object. [C:/Users/Simone/Desktop/finale/TacconiAsnaghi_PUF/TacconiAsnaghi_PUF.srcs/constrs_1/new/pins.xdc:31]
Resolution: If [get_<value>] was used to populate the object, check to make sure this command returns at least one valid object.
WARNING: [Vivado 12-584] No ports matched 'challenge_in_0[10]'. [C:/Users/Simone/Desktop/finale/TacconiAsnaghi_PUF/TacconiAsnaghi_PUF.srcs/constrs_1/new/pins.xdc:32]
CRITICAL WARNING: [Common 17-55] 'set_property' expects at least one object. [C:/Users/Simone/Desktop/finale/TacconiAsnaghi_PUF/TacconiAsnaghi_PUF.srcs/constrs_1/new/pins.xdc:32]
Resolution: If [get_<value>] was used to populate the object, check to make sure this command returns at least one valid object.
WARNING: [Vivado 12-584] No ports matched 'challenge_in_0[10]'. [C:/Users/Simone/Desktop/finale/TacconiAsnaghi_PUF/TacconiAsnaghi_PUF.srcs/constrs_1/new/pins.xdc:33]
CRITICAL WARNING: [Common 17-55] 'set_property' expects at least one object. [C:/Users/Simone/Desktop/finale/TacconiAsnaghi_PUF/TacconiAsnaghi_PUF.srcs/constrs_1/new/pins.xdc:33]
Resolution: If [get_<value>] was used to populate the object, check to make sure this command returns at least one valid object.
WARNING: [Vivado 12-584] No ports matched 'challenge_in_0[11]'. [C:/Users/Simone/Desktop/finale/TacconiAsnaghi_PUF/TacconiAsnaghi_PUF.srcs/constrs_1/new/pins.xdc:34]
CRITICAL WARNING: [Common 17-55] 'set_property' expects at least one object. [C:/Users/Simone/Desktop/finale/TacconiAsnaghi_PUF/TacconiAsnaghi_PUF.srcs/constrs_1/new/pins.xdc:34]
Resolution: If [get_<value>] was used to populate the object, check to make sure this command returns at least one valid object.
WARNING: [Vivado 12-584] No ports matched 'challenge_in_0[11]'. [C:/Users/Simone/Desktop/finale/TacconiAsnaghi_PUF/TacconiAsnaghi_PUF.srcs/constrs_1/new/pins.xdc:35]
CRITICAL WARNING: [Common 17-55] 'set_property' expects at least one object. [C:/Users/Simone/Desktop/finale/TacconiAsnaghi_PUF/TacconiAsnaghi_PUF.srcs/constrs_1/new/pins.xdc:35]
Resolution: If [get_<value>] was used to populate the object, check to make sure this command returns at least one valid object.
WARNING: [Vivado 12-584] No ports matched 'challenge_in_0[12]'. [C:/Users/Simone/Desktop/finale/TacconiAsnaghi_PUF/TacconiAsnaghi_PUF.srcs/constrs_1/new/pins.xdc:36]
CRITICAL WARNING: [Common 17-55] 'set_property' expects at least one object. [C:/Users/Simone/Desktop/finale/TacconiAsnaghi_PUF/TacconiAsnaghi_PUF.srcs/constrs_1/new/pins.xdc:36]
Resolution: If [get_<value>] was used to populate the object, check to make sure this command returns at least one valid object.
WARNING: [Vivado 12-584] No ports matched 'challenge_in_0[12]'. [C:/Users/Simone/Desktop/finale/TacconiAsnaghi_PUF/TacconiAsnaghi_PUF.srcs/constrs_1/new/pins.xdc:37]
CRITICAL WARNING: [Common 17-55] 'set_property' expects at least one object. [C:/Users/Simone/Desktop/finale/TacconiAsnaghi_PUF/TacconiAsnaghi_PUF.srcs/constrs_1/new/pins.xdc:37]
Resolution: If [get_<value>] was used to populate the object, check to make sure this command returns at least one valid object.
WARNING: [Vivado 12-584] No ports matched 'challenge_in_0[13]'. [C:/Users/Simone/Desktop/finale/TacconiAsnaghi_PUF/TacconiAsnaghi_PUF.srcs/constrs_1/new/pins.xdc:38]
CRITICAL WARNING: [Common 17-55] 'set_property' expects at least one object. [C:/Users/Simone/Desktop/finale/TacconiAsnaghi_PUF/TacconiAsnaghi_PUF.srcs/constrs_1/new/pins.xdc:38]
Resolution: If [get_<value>] was used to populate the object, check to make sure this command returns at least one valid object.
WARNING: [Vivado 12-584] No ports matched 'challenge_in_0[13]'. [C:/Users/Simone/Desktop/finale/TacconiAsnaghi_PUF/TacconiAsnaghi_PUF.srcs/constrs_1/new/pins.xdc:39]
CRITICAL WARNING: [Common 17-55] 'set_property' expects at least one object. [C:/Users/Simone/Desktop/finale/TacconiAsnaghi_PUF/TacconiAsnaghi_PUF.srcs/constrs_1/new/pins.xdc:39]
Resolution: If [get_<value>] was used to populate the object, check to make sure this command returns at least one valid object.
WARNING: [Vivado 12-584] No ports matched 'challenge_in_0[14]'. [C:/Users/Simone/Desktop/finale/TacconiAsnaghi_PUF/TacconiAsnaghi_PUF.srcs/constrs_1/new/pins.xdc:40]
CRITICAL WARNING: [Common 17-55] 'set_property' expects at least one object. [C:/Users/Simone/Desktop/finale/TacconiAsnaghi_PUF/TacconiAsnaghi_PUF.srcs/constrs_1/new/pins.xdc:40]
Resolution: If [get_<value>] was used to populate the object, check to make sure this command returns at least one valid object.
WARNING: [Vivado 12-584] No ports matched 'challenge_in_0[14]'. [C:/Users/Simone/Desktop/finale/TacconiAsnaghi_PUF/TacconiAsnaghi_PUF.srcs/constrs_1/new/pins.xdc:41]
CRITICAL WARNING: [Common 17-55] 'set_property' expects at least one object. [C:/Users/Simone/Desktop/finale/TacconiAsnaghi_PUF/TacconiAsnaghi_PUF.srcs/constrs_1/new/pins.xdc:41]
Resolution: If [get_<value>] was used to populate the object, check to make sure this command returns at least one valid object.
WARNING: [Vivado 12-584] No ports matched 'challenge_in_0[15]'. [C:/Users/Simone/Desktop/finale/TacconiAsnaghi_PUF/TacconiAsnaghi_PUF.srcs/constrs_1/new/pins.xdc:42]
CRITICAL WARNING: [Common 17-55] 'set_property' expects at least one object. [C:/Users/Simone/Desktop/finale/TacconiAsnaghi_PUF/TacconiAsnaghi_PUF.srcs/constrs_1/new/pins.xdc:42]
Resolution: If [get_<value>] was used to populate the object, check to make sure this command returns at least one valid object.
WARNING: [Vivado 12-584] No ports matched 'challenge_in_0[15]'. [C:/Users/Simone/Desktop/finale/TacconiAsnaghi_PUF/TacconiAsnaghi_PUF.srcs/constrs_1/new/pins.xdc:43]
CRITICAL WARNING: [Common 17-55] 'set_property' expects at least one object. [C:/Users/Simone/Desktop/finale/TacconiAsnaghi_PUF/TacconiAsnaghi_PUF.srcs/constrs_1/new/pins.xdc:43]
Resolution: If [get_<value>] was used to populate the object, check to make sure this command returns at least one valid object.
WARNING: [Vivado 12-584] No ports matched 'response_out_0[0]'. [C:/Users/Simone/Desktop/finale/TacconiAsnaghi_PUF/TacconiAsnaghi_PUF.srcs/constrs_1/new/pins.xdc:46]
CRITICAL WARNING: [Common 17-55] 'set_property' expects at least one object. [C:/Users/Simone/Desktop/finale/TacconiAsnaghi_PUF/TacconiAsnaghi_PUF.srcs/constrs_1/new/pins.xdc:46]
Resolution: If [get_<value>] was used to populate the object, check to make sure this command returns at least one valid object.
WARNING: [Vivado 12-584] No ports matched 'response_out_0[0]'. [C:/Users/Simone/Desktop/finale/TacconiAsnaghi_PUF/TacconiAsnaghi_PUF.srcs/constrs_1/new/pins.xdc:47]
CRITICAL WARNING: [Common 17-55] 'set_property' expects at least one object. [C:/Users/Simone/Desktop/finale/TacconiAsnaghi_PUF/TacconiAsnaghi_PUF.srcs/constrs_1/new/pins.xdc:47]
Resolution: If [get_<value>] was used to populate the object, check to make sure this command returns at least one valid object.
WARNING: [Vivado 12-584] No ports matched 'response_out_0[1]'. [C:/Users/Simone/Desktop/finale/TacconiAsnaghi_PUF/TacconiAsnaghi_PUF.srcs/constrs_1/new/pins.xdc:48]
CRITICAL WARNING: [Common 17-55] 'set_property' expects at least one object. [C:/Users/Simone/Desktop/finale/TacconiAsnaghi_PUF/TacconiAsnaghi_PUF.srcs/constrs_1/new/pins.xdc:48]
Resolution: If [get_<value>] was used to populate the object, check to make sure this command returns at least one valid object.
WARNING: [Vivado 12-584] No ports matched 'response_out_0[1]'. [C:/Users/Simone/Desktop/finale/TacconiAsnaghi_PUF/TacconiAsnaghi_PUF.srcs/constrs_1/new/pins.xdc:49]
CRITICAL WARNING: [Common 17-55] 'set_property' expects at least one object. [C:/Users/Simone/Desktop/finale/TacconiAsnaghi_PUF/TacconiAsnaghi_PUF.srcs/constrs_1/new/pins.xdc:49]
Resolution: If [get_<value>] was used to populate the object, check to make sure this command returns at least one valid object.
WARNING: [Vivado 12-584] No ports matched 'response_out_0[2]'. [C:/Users/Simone/Desktop/finale/TacconiAsnaghi_PUF/TacconiAsnaghi_PUF.srcs/constrs_1/new/pins.xdc:50]
CRITICAL WARNING: [Common 17-55] 'set_property' expects at least one object. [C:/Users/Simone/Desktop/finale/TacconiAsnaghi_PUF/TacconiAsnaghi_PUF.srcs/constrs_1/new/pins.xdc:50]
Resolution: If [get_<value>] was used to populate the object, check to make sure this command returns at least one valid object.
WARNING: [Vivado 12-584] No ports matched 'response_out_0[2]'. [C:/Users/Simone/Desktop/finale/TacconiAsnaghi_PUF/TacconiAsnaghi_PUF.srcs/constrs_1/new/pins.xdc:51]
CRITICAL WARNING: [Common 17-55] 'set_property' expects at least one object. [C:/Users/Simone/Desktop/finale/TacconiAsnaghi_PUF/TacconiAsnaghi_PUF.srcs/constrs_1/new/pins.xdc:51]
Resolution: If [get_<value>] was used to populate the object, check to make sure this command returns at least one valid object.
WARNING: [Vivado 12-584] No ports matched 'response_out_0[3]'. [C:/Users/Simone/Desktop/finale/TacconiAsnaghi_PUF/TacconiAsnaghi_PUF.srcs/constrs_1/new/pins.xdc:52]
CRITICAL WARNING: [Common 17-55] 'set_property' expects at least one object. [C:/Users/Simone/Desktop/finale/TacconiAsnaghi_PUF/TacconiAsnaghi_PUF.srcs/constrs_1/new/pins.xdc:52]
Resolution: If [get_<value>] was used to populate the object, check to make sure this command returns at least one valid object.
WARNING: [Vivado 12-584] No ports matched 'response_out_0[3]'. [C:/Users/Simone/Desktop/finale/TacconiAsnaghi_PUF/TacconiAsnaghi_PUF.srcs/constrs_1/new/pins.xdc:53]
CRITICAL WARNING: [Common 17-55] 'set_property' expects at least one object. [C:/Users/Simone/Desktop/finale/TacconiAsnaghi_PUF/TacconiAsnaghi_PUF.srcs/constrs_1/new/pins.xdc:53]
Resolution: If [get_<value>] was used to populate the object, check to make sure this command returns at least one valid object.
WARNING: [Vivado 12-584] No ports matched 'response_out_0[4]'. [C:/Users/Simone/Desktop/finale/TacconiAsnaghi_PUF/TacconiAsnaghi_PUF.srcs/constrs_1/new/pins.xdc:54]
CRITICAL WARNING: [Common 17-55] 'set_property' expects at least one object. [C:/Users/Simone/Desktop/finale/TacconiAsnaghi_PUF/TacconiAsnaghi_PUF.srcs/constrs_1/new/pins.xdc:54]
Resolution: If [get_<value>] was used to populate the object, check to make sure this command returns at least one valid object.
WARNING: [Vivado 12-584] No ports matched 'response_out_0[4]'. [C:/Users/Simone/Desktop/finale/TacconiAsnaghi_PUF/TacconiAsnaghi_PUF.srcs/constrs_1/new/pins.xdc:55]
CRITICAL WARNING: [Common 17-55] 'set_property' expects at least one object. [C:/Users/Simone/Desktop/finale/TacconiAsnaghi_PUF/TacconiAsnaghi_PUF.srcs/constrs_1/new/pins.xdc:55]
Resolution: If [get_<value>] was used to populate the object, check to make sure this command returns at least one valid object.
WARNING: [Vivado 12-584] No ports matched 'response_out_0[5]'. [C:/Users/Simone/Desktop/finale/TacconiAsnaghi_PUF/TacconiAsnaghi_PUF.srcs/constrs_1/new/pins.xdc:56]
CRITICAL WARNING: [Common 17-55] 'set_property' expects at least one object. [C:/Users/Simone/Desktop/finale/TacconiAsnaghi_PUF/TacconiAsnaghi_PUF.srcs/constrs_1/new/pins.xdc:56]
Resolution: If [get_<value>] was used to populate the object, check to make sure this command returns at least one valid object.
WARNING: [Vivado 12-584] No ports matched 'response_out_0[5]'. [C:/Users/Simone/Desktop/finale/TacconiAsnaghi_PUF/TacconiAsnaghi_PUF.srcs/constrs_1/new/pins.xdc:57]
CRITICAL WARNING: [Common 17-55] 'set_property' expects at least one object. [C:/Users/Simone/Desktop/finale/TacconiAsnaghi_PUF/TacconiAsnaghi_PUF.srcs/constrs_1/new/pins.xdc:57]
Resolution: If [get_<value>] was used to populate the object, check to make sure this command returns at least one valid object.
WARNING: [Vivado 12-584] No ports matched 'response_out_0[6]'. [C:/Users/Simone/Desktop/finale/TacconiAsnaghi_PUF/TacconiAsnaghi_PUF.srcs/constrs_1/new/pins.xdc:58]
CRITICAL WARNING: [Common 17-55] 'set_property' expects at least one object. [C:/Users/Simone/Desktop/finale/TacconiAsnaghi_PUF/TacconiAsnaghi_PUF.srcs/constrs_1/new/pins.xdc:58]
Resolution: If [get_<value>] was used to populate the object, check to make sure this command returns at least one valid object.
WARNING: [Vivado 12-584] No ports matched 'response_out_0[6]'. [C:/Users/Simone/Desktop/finale/TacconiAsnaghi_PUF/TacconiAsnaghi_PUF.srcs/constrs_1/new/pins.xdc:59]
CRITICAL WARNING: [Common 17-55] 'set_property' expects at least one object. [C:/Users/Simone/Desktop/finale/TacconiAsnaghi_PUF/TacconiAsnaghi_PUF.srcs/constrs_1/new/pins.xdc:59]
Resolution: If [get_<value>] was used to populate the object, check to make sure this command returns at least one valid object.
WARNING: [Vivado 12-584] No ports matched 'response_out_0[7]'. [C:/Users/Simone/Desktop/finale/TacconiAsnaghi_PUF/TacconiAsnaghi_PUF.srcs/constrs_1/new/pins.xdc:60]
CRITICAL WARNING: [Common 17-55] 'set_property' expects at least one object. [C:/Users/Simone/Desktop/finale/TacconiAsnaghi_PUF/TacconiAsnaghi_PUF.srcs/constrs_1/new/pins.xdc:60]
Resolution: If [get_<value>] was used to populate the object, check to make sure this command returns at least one valid object.
WARNING: [Vivado 12-584] No ports matched 'response_out_0[7]'. [C:/Users/Simone/Desktop/finale/TacconiAsnaghi_PUF/TacconiAsnaghi_PUF.srcs/constrs_1/new/pins.xdc:61]
CRITICAL WARNING: [Common 17-55] 'set_property' expects at least one object. [C:/Users/Simone/Desktop/finale/TacconiAsnaghi_PUF/TacconiAsnaghi_PUF.srcs/constrs_1/new/pins.xdc:61]
Resolution: If [get_<value>] was used to populate the object, check to make sure this command returns at least one valid object.
WARNING: [Vivado 12-584] No ports matched 'valid_out_0'. [C:/Users/Simone/Desktop/finale/TacconiAsnaghi_PUF/TacconiAsnaghi_PUF.srcs/constrs_1/new/pins.xdc:74]
CRITICAL WARNING: [Common 17-55] 'set_property' expects at least one object. [C:/Users/Simone/Desktop/finale/TacconiAsnaghi_PUF/TacconiAsnaghi_PUF.srcs/constrs_1/new/pins.xdc:74]
Resolution: If [get_<value>] was used to populate the object, check to make sure this command returns at least one valid object.
WARNING: [Vivado 12-584] No ports matched 'valid_out_0'. [C:/Users/Simone/Desktop/finale/TacconiAsnaghi_PUF/TacconiAsnaghi_PUF.srcs/constrs_1/new/pins.xdc:75]
CRITICAL WARNING: [Common 17-55] 'set_property' expects at least one object. [C:/Users/Simone/Desktop/finale/TacconiAsnaghi_PUF/TacconiAsnaghi_PUF.srcs/constrs_1/new/pins.xdc:75]
Resolution: If [get_<value>] was used to populate the object, check to make sure this command returns at least one valid object.
WARNING: [Vivado 12-584] No ports matched 'control_out_0'. [C:/Users/Simone/Desktop/finale/TacconiAsnaghi_PUF/TacconiAsnaghi_PUF.srcs/constrs_1/new/pins.xdc:76]
CRITICAL WARNING: [Common 17-55] 'set_property' expects at least one object. [C:/Users/Simone/Desktop/finale/TacconiAsnaghi_PUF/TacconiAsnaghi_PUF.srcs/constrs_1/new/pins.xdc:76]
Resolution: If [get_<value>] was used to populate the object, check to make sure this command returns at least one valid object.
WARNING: [Vivado 12-584] No ports matched 'control_out_0'. [C:/Users/Simone/Desktop/finale/TacconiAsnaghi_PUF/TacconiAsnaghi_PUF.srcs/constrs_1/new/pins.xdc:77]
CRITICAL WARNING: [Common 17-55] 'set_property' expects at least one object. [C:/Users/Simone/Desktop/finale/TacconiAsnaghi_PUF/TacconiAsnaghi_PUF.srcs/constrs_1/new/pins.xdc:77]
Resolution: If [get_<value>] was used to populate the object, check to make sure this command returns at least one valid object.
WARNING: [Vivado 12-584] No ports matched 'start_in_0'. [C:/Users/Simone/Desktop/finale/TacconiAsnaghi_PUF/TacconiAsnaghi_PUF.srcs/constrs_1/new/pins.xdc:82]
CRITICAL WARNING: [Common 17-55] 'set_property' expects at least one object. [C:/Users/Simone/Desktop/finale/TacconiAsnaghi_PUF/TacconiAsnaghi_PUF.srcs/constrs_1/new/pins.xdc:82]
Resolution: If [get_<value>] was used to populate the object, check to make sure this command returns at least one valid object.
WARNING: [Vivado 12-584] No ports matched 'start_in_0'. [C:/Users/Simone/Desktop/finale/TacconiAsnaghi_PUF/TacconiAsnaghi_PUF.srcs/constrs_1/new/pins.xdc:83]
CRITICAL WARNING: [Common 17-55] 'set_property' expects at least one object. [C:/Users/Simone/Desktop/finale/TacconiAsnaghi_PUF/TacconiAsnaghi_PUF.srcs/constrs_1/new/pins.xdc:83]
Resolution: If [get_<value>] was used to populate the object, check to make sure this command returns at least one valid object.
Finished Parsing XDC File [C:/Users/Simone/Desktop/finale/TacconiAsnaghi_PUF/TacconiAsnaghi_PUF.srcs/constrs_1/new/pins.xdc]
INFO: [Project 1-236] Implementation specific constraints were found while reading constraint file [C:/Users/Simone/Desktop/finale/TacconiAsnaghi_PUF/TacconiAsnaghi_PUF.srcs/constrs_1/new/pins.xdc]. These constraints will be ignored for synthesis but will be used in implementation. Impacted constraints are listed in the file [.Xil/Arbiter_PUF_propImpl.xdc].
Resolution: To avoid this warning, move constraints listed in [.Xil/Arbiter_PUF_propImpl.xdc] to another XDC file and exclude this new file from synthesis with the used_in_synthesis property (File Properties dialog in GUI) and re-run elaboration/synthesis.
Completed Processing XDC Constraints

Netlist sorting complete. Time (s): cpu = 00:00:00 ; elapsed = 00:00:00.002 . Memory (MB): peak = 1140.516 ; gain = 0.000
INFO: [Project 1-111] Unisim Transformation Summary:
No Unisim elements were transformed.

Constraint Validation Runtime : Time (s): cpu = 00:00:00 ; elapsed = 00:00:00.031 . Memory (MB): peak = 1140.516 ; gain = 0.000
---------------------------------------------------------------------------------
Finished Constraint Validation : Time (s): cpu = 00:00:59 ; elapsed = 00:01:02 . Memory (MB): peak = 1140.516 ; gain = 134.500
---------------------------------------------------------------------------------
---------------------------------------------------------------------------------
Start Loading Part and Timing Information
---------------------------------------------------------------------------------
Loading part: xc7a35tcpg236-1
---------------------------------------------------------------------------------
Finished Loading Part and Timing Information : Time (s): cpu = 00:00:59 ; elapsed = 00:01:02 . Memory (MB): peak = 1140.516 ; gain = 134.500
---------------------------------------------------------------------------------
---------------------------------------------------------------------------------
Start Applying 'set_property' XDC Constraints
---------------------------------------------------------------------------------
---------------------------------------------------------------------------------
Finished applying 'set_property' XDC Constraints : Time (s): cpu = 00:00:59 ; elapsed = 00:01:02 . Memory (MB): peak = 1140.516 ; gain = 134.500
---------------------------------------------------------------------------------
INFO: [Synth 8-802] inferred FSM for state register 'current_state_reg' in module 'enmapper_ECC'
INFO: [Synth 8-802] inferred FSM for state register 'current_state_reg' in module 'demapper_ECC'
---------------------------------------------------------------------------------------------------
                   State |                     New Encoding |                Previous Encoding 
---------------------------------------------------------------------------------------------------
              IDLE_STATE |                               00 |                               00
           STORAGE_STATE |                               01 |                               01
         COMPUTING_STATE |                               10 |                               10
               OUT_STATE |                               11 |                               11
---------------------------------------------------------------------------------------------------
INFO: [Synth 8-3354] encoded FSM with state register 'current_state_reg' using encoding 'sequential' in module 'enmapper_ECC'
WARNING: [Synth 8-327] inferring latch for variable 'start_out_reg' [C:/Users/Simone/Desktop/finale/TacconiAsnaghi_PUF/TacconiAsnaghi_PUF.srcs/sources_1/new/enmapper_ECC.v:95]
WARNING: [Synth 8-327] inferring latch for variable 'count_reg' [C:/Users/Simone/Desktop/finale/TacconiAsnaghi_PUF/TacconiAsnaghi_PUF.srcs/sources_1/new/enmapper_ECC.v:91]
WARNING: [Synth 8-327] inferring latch for variable 'i_reg' [C:/Users/Simone/Desktop/finale/TacconiAsnaghi_PUF/TacconiAsnaghi_PUF.srcs/sources_1/new/enmapper_ECC.v:104]
WARNING: [Synth 8-327] inferring latch for variable 'done_reg' [C:/Users/Simone/Desktop/finale/TacconiAsnaghi_PUF/TacconiAsnaghi_PUF.srcs/sources_1/new/enmapper_ECC.v:90]
WARNING: [Synth 8-327] inferring latch for variable 'b_indexing_reg' [C:/Users/Simone/Desktop/finale/TacconiAsnaghi_PUF/TacconiAsnaghi_PUF.srcs/sources_1/new/enmapper_ECC.v:122]
WARNING: [Synth 8-327] inferring latch for variable 'row_vector_reg[0]' [C:/Users/Simone/Desktop/finale/TacconiAsnaghi_PUF/TacconiAsnaghi_PUF.srcs/sources_1/new/enmapper_ECC.v:105]
WARNING: [Synth 8-327] inferring latch for variable 'row_vector_reg[1]' [C:/Users/Simone/Desktop/finale/TacconiAsnaghi_PUF/TacconiAsnaghi_PUF.srcs/sources_1/new/enmapper_ECC.v:105]
WARNING: [Synth 8-327] inferring latch for variable 'index_internal_reg[0]' [C:/Users/Simone/Desktop/finale/TacconiAsnaghi_PUF/TacconiAsnaghi_PUF.srcs/sources_1/new/enmapper_ECC.v:137]
WARNING: [Synth 8-327] inferring latch for variable 'index_internal_reg[1]' [C:/Users/Simone/Desktop/finale/TacconiAsnaghi_PUF/TacconiAsnaghi_PUF.srcs/sources_1/new/enmapper_ECC.v:137]
---------------------------------------------------------------------------------------------------
                   State |                     New Encoding |                Previous Encoding 
---------------------------------------------------------------------------------------------------
              IDLE_STATE |                               00 |                               00
         COMPUTING_STATE |                               01 |                               10
               OUT_STATE |                               10 |                               11
           STORAGE_STATE |                               11 |                               01
---------------------------------------------------------------------------------------------------
INFO: [Synth 8-3354] encoded FSM with state register 'current_state_reg' using encoding 'sequential' in module 'demapper_ECC'
WARNING: [Synth 8-327] inferring latch for variable 'start_out_reg' [C:/Users/Simone/Desktop/finale/TacconiAsnaghi_PUF/TacconiAsnaghi_PUF.srcs/sources_1/new/demapper_ECC.v:97]
WARNING: [Synth 8-327] inferring latch for variable 'count_reg' [C:/Users/Simone/Desktop/finale/TacconiAsnaghi_PUF/TacconiAsnaghi_PUF.srcs/sources_1/new/demapper_ECC.v:90]
WARNING: [Synth 8-327] inferring latch for variable 'b_internal_reg' [C:/Users/Simone/Desktop/finale/TacconiAsnaghi_PUF/TacconiAsnaghi_PUF.srcs/sources_1/new/demapper_ECC.v:168]
WARNING: [Synth 8-327] inferring latch for variable 'error_internal_reg' [C:/Users/Simone/Desktop/finale/TacconiAsnaghi_PUF/TacconiAsnaghi_PUF.srcs/sources_1/new/demapper_ECC.v:169]
WARNING: [Synth 8-327] inferring latch for variable 'i_reg' [C:/Users/Simone/Desktop/finale/TacconiAsnaghi_PUF/TacconiAsnaghi_PUF.srcs/sources_1/new/demapper_ECC.v:95]
WARNING: [Synth 8-327] inferring latch for variable 'done_reg' [C:/Users/Simone/Desktop/finale/TacconiAsnaghi_PUF/TacconiAsnaghi_PUF.srcs/sources_1/new/demapper_ECC.v:89]
WARNING: [Synth 8-327] inferring latch for variable 'row_vector_reg[0]' [C:/Users/Simone/Desktop/finale/TacconiAsnaghi_PUF/TacconiAsnaghi_PUF.srcs/sources_1/new/demapper_ECC.v:122]
WARNING: [Synth 8-327] inferring latch for variable 'row_vector_reg[1]' [C:/Users/Simone/Desktop/finale/TacconiAsnaghi_PUF/TacconiAsnaghi_PUF.srcs/sources_1/new/demapper_ECC.v:122]
WARNING: [Synth 8-327] inferring latch for variable 'index_internal_reg[0]' [C:/Users/Simone/Desktop/finale/TacconiAsnaghi_PUF/TacconiAsnaghi_PUF.srcs/sources_1/new/demapper_ECC.v:136]
WARNING: [Synth 8-327] inferring latch for variable 'index_internal_reg[1]' [C:/Users/Simone/Desktop/finale/TacconiAsnaghi_PUF/TacconiAsnaghi_PUF.srcs/sources_1/new/demapper_ECC.v:136]
WARNING: [Synth 8-327] inferring latch for variable 'response_internal_reg' [C:/Users/Simone/Desktop/finale/TacconiAsnaghi_PUF/TacconiAsnaghi_PUF.srcs/sources_1/new/Arbiter_PUF.v:90]
---------------------------------------------------------------------------------
Finished RTL Optimization Phase 2 : Time (s): cpu = 00:01:09 ; elapsed = 00:01:13 . Memory (MB): peak = 1140.516 ; gain = 134.500
---------------------------------------------------------------------------------
---------------------------------------------------------------------------------
Start RTL Component Statistics 
---------------------------------------------------------------------------------
Detailed RTL Component Info : 
+---Adders : 
	   2 Input    8 Bit       Adders := 8     
	   2 Input    2 Bit       Adders := 2     
+---Registers : 
	                8 Bit    Registers := 2     
	                2 Bit    Registers := 3     
	                1 Bit    Registers := 32    
+---Muxes : 
	   2 Input   64 Bit        Muxes := 20    
	   4 Input   64 Bit        Muxes := 8     
	   2 Input   10 Bit        Muxes := 2     
	   2 Input    9 Bit        Muxes := 2     
	   2 Input    8 Bit        Muxes := 105   
	   4 Input    8 Bit        Muxes := 5     
	   8 Input    3 Bit        Muxes := 2     
	   9 Input    3 Bit        Muxes := 2     
	   4 Input    2 Bit        Muxes := 2     
	   2 Input    2 Bit        Muxes := 10    
	   2 Input    1 Bit        Muxes := 17    
	   8 Input    1 Bit        Muxes := 4     
	   4 Input    1 Bit        Muxes := 25    
---------------------------------------------------------------------------------
Finished RTL Component Statistics 
---------------------------------------------------------------------------------
---------------------------------------------------------------------------------
Start Part Resource Summary
---------------------------------------------------------------------------------
Part Resources:
DSPs: 90 (col length:60)
BRAMs: 100 (col length: RAMB18 60 RAMB36 30)
---------------------------------------------------------------------------------
Finished Part Resource Summary
---------------------------------------------------------------------------------
---------------------------------------------------------------------------------
Start Cross Boundary and Area Optimization
---------------------------------------------------------------------------------
CRITICAL WARNING: [Synth 8-6859] multi-driven net on pin Q with 1st driver pin 'IBS_Standalone_inst/enmapper_ECC_inst/count_reg[7]__0/Q' [C:/Users/Simone/Desktop/finale/TacconiAsnaghi_PUF/TacconiAsnaghi_PUF.srcs/sources_1/new/enmapper_ECC.v:57]
CRITICAL WARNING: [Synth 8-6859] multi-driven net on pin Q with 2nd driver pin 'GND' [C:/Users/Simone/Desktop/finale/TacconiAsnaghi_PUF/TacconiAsnaghi_PUF.srcs/sources_1/new/enmapper_ECC.v:57]
CRITICAL WARNING: [Synth 8-6858] multi-driven net Q is connected to at least one constant driver which has been preserved, other driver is ignored [C:/Users/Simone/Desktop/finale/TacconiAsnaghi_PUF/TacconiAsnaghi_PUF.srcs/sources_1/new/enmapper_ECC.v:57]
CRITICAL WARNING: [Synth 8-6859] multi-driven net on pin Q with 1st driver pin 'IBS_Standalone_inst/enmapper_ECC_inst/count_reg[6]__0/Q' [C:/Users/Simone/Desktop/finale/TacconiAsnaghi_PUF/TacconiAsnaghi_PUF.srcs/sources_1/new/enmapper_ECC.v:57]
CRITICAL WARNING: [Synth 8-6859] multi-driven net on pin Q with 2nd driver pin 'GND' [C:/Users/Simone/Desktop/finale/TacconiAsnaghi_PUF/TacconiAsnaghi_PUF.srcs/sources_1/new/enmapper_ECC.v:57]
CRITICAL WARNING: [Synth 8-6858] multi-driven net Q is connected to at least one constant driver which has been preserved, other driver is ignored [C:/Users/Simone/Desktop/finale/TacconiAsnaghi_PUF/TacconiAsnaghi_PUF.srcs/sources_1/new/enmapper_ECC.v:57]
CRITICAL WARNING: [Synth 8-6859] multi-driven net on pin Q with 1st driver pin 'IBS_Standalone_inst/enmapper_ECC_inst/count_reg[5]__0/Q' [C:/Users/Simone/Desktop/finale/TacconiAsnaghi_PUF/TacconiAsnaghi_PUF.srcs/sources_1/new/enmapper_ECC.v:57]
CRITICAL WARNING: [Synth 8-6859] multi-driven net on pin Q with 2nd driver pin 'GND' [C:/Users/Simone/Desktop/finale/TacconiAsnaghi_PUF/TacconiAsnaghi_PUF.srcs/sources_1/new/enmapper_ECC.v:57]
CRITICAL WARNING: [Synth 8-6858] multi-driven net Q is connected to at least one constant driver which has been preserved, other driver is ignored [C:/Users/Simone/Desktop/finale/TacconiAsnaghi_PUF/TacconiAsnaghi_PUF.srcs/sources_1/new/enmapper_ECC.v:57]
CRITICAL WARNING: [Synth 8-6859] multi-driven net on pin Q with 1st driver pin 'IBS_Standalone_inst/enmapper_ECC_inst/count_reg[4]__0/Q' [C:/Users/Simone/Desktop/finale/TacconiAsnaghi_PUF/TacconiAsnaghi_PUF.srcs/sources_1/new/enmapper_ECC.v:57]
CRITICAL WARNING: [Synth 8-6859] multi-driven net on pin Q with 2nd driver pin 'GND' [C:/Users/Simone/Desktop/finale/TacconiAsnaghi_PUF/TacconiAsnaghi_PUF.srcs/sources_1/new/enmapper_ECC.v:57]
CRITICAL WARNING: [Synth 8-6858] multi-driven net Q is connected to at least one constant driver which has been preserved, other driver is ignored [C:/Users/Simone/Desktop/finale/TacconiAsnaghi_PUF/TacconiAsnaghi_PUF.srcs/sources_1/new/enmapper_ECC.v:57]
CRITICAL WARNING: [Synth 8-6859] multi-driven net on pin Q with 1st driver pin 'IBS_Standalone_inst/enmapper_ECC_inst/count_reg[3]__0/Q' [C:/Users/Simone/Desktop/finale/TacconiAsnaghi_PUF/TacconiAsnaghi_PUF.srcs/sources_1/new/enmapper_ECC.v:57]
CRITICAL WARNING: [Synth 8-6859] multi-driven net on pin Q with 2nd driver pin 'GND' [C:/Users/Simone/Desktop/finale/TacconiAsnaghi_PUF/TacconiAsnaghi_PUF.srcs/sources_1/new/enmapper_ECC.v:57]
CRITICAL WARNING: [Synth 8-6858] multi-driven net Q is connected to at least one constant driver which has been preserved, other driver is ignored [C:/Users/Simone/Desktop/finale/TacconiAsnaghi_PUF/TacconiAsnaghi_PUF.srcs/sources_1/new/enmapper_ECC.v:57]
CRITICAL WARNING: [Synth 8-6859] multi-driven net on pin Q with 1st driver pin 'IBS_Standalone_inst/enmapper_ECC_inst/count_reg[2]__0/Q' [C:/Users/Simone/Desktop/finale/TacconiAsnaghi_PUF/TacconiAsnaghi_PUF.srcs/sources_1/new/enmapper_ECC.v:57]
CRITICAL WARNING: [Synth 8-6859] multi-driven net on pin Q with 2nd driver pin 'GND' [C:/Users/Simone/Desktop/finale/TacconiAsnaghi_PUF/TacconiAsnaghi_PUF.srcs/sources_1/new/enmapper_ECC.v:57]
CRITICAL WARNING: [Synth 8-6858] multi-driven net Q is connected to at least one constant driver which has been preserved, other driver is ignored [C:/Users/Simone/Desktop/finale/TacconiAsnaghi_PUF/TacconiAsnaghi_PUF.srcs/sources_1/new/enmapper_ECC.v:57]
CRITICAL WARNING: [Synth 8-6859] multi-driven net on pin Q with 1st driver pin 'IBS_Standalone_inst/enmapper_ECC_inst/count_reg[1]__0/Q' [C:/Users/Simone/Desktop/finale/TacconiAsnaghi_PUF/TacconiAsnaghi_PUF.srcs/sources_1/new/enmapper_ECC.v:57]
CRITICAL WARNING: [Synth 8-6859] multi-driven net on pin Q with 2nd driver pin 'GND' [C:/Users/Simone/Desktop/finale/TacconiAsnaghi_PUF/TacconiAsnaghi_PUF.srcs/sources_1/new/enmapper_ECC.v:57]
CRITICAL WARNING: [Synth 8-6858] multi-driven net Q is connected to at least one constant driver which has been preserved, other driver is ignored [C:/Users/Simone/Desktop/finale/TacconiAsnaghi_PUF/TacconiAsnaghi_PUF.srcs/sources_1/new/enmapper_ECC.v:57]
CRITICAL WARNING: [Synth 8-6859] multi-driven net on pin Q with 1st driver pin 'IBS_Standalone_inst/enmapper_ECC_inst/count_reg[0]__0/Q' [C:/Users/Simone/Desktop/finale/TacconiAsnaghi_PUF/TacconiAsnaghi_PUF.srcs/sources_1/new/enmapper_ECC.v:57]
CRITICAL WARNING: [Synth 8-6859] multi-driven net on pin Q with 2nd driver pin 'GND' [C:/Users/Simone/Desktop/finale/TacconiAsnaghi_PUF/TacconiAsnaghi_PUF.srcs/sources_1/new/enmapper_ECC.v:57]
CRITICAL WARNING: [Synth 8-6858] multi-driven net Q is connected to at least one constant driver which has been preserved, other driver is ignored [C:/Users/Simone/Desktop/finale/TacconiAsnaghi_PUF/TacconiAsnaghi_PUF.srcs/sources_1/new/enmapper_ECC.v:57]
CRITICAL WARNING: [Synth 8-6859] multi-driven net on pin Q with 1st driver pin 'IBS_Standalone_inst/enmapper_ECC_inst/i_reg[7]__0/Q' [C:/Users/Simone/Desktop/finale/TacconiAsnaghi_PUF/TacconiAsnaghi_PUF.srcs/sources_1/new/enmapper_ECC.v:56]
CRITICAL WARNING: [Synth 8-6859] multi-driven net on pin Q with 2nd driver pin 'GND' [C:/Users/Simone/Desktop/finale/TacconiAsnaghi_PUF/TacconiAsnaghi_PUF.srcs/sources_1/new/enmapper_ECC.v:56]
CRITICAL WARNING: [Synth 8-6858] multi-driven net Q is connected to at least one constant driver which has been preserved, other driver is ignored [C:/Users/Simone/Desktop/finale/TacconiAsnaghi_PUF/TacconiAsnaghi_PUF.srcs/sources_1/new/enmapper_ECC.v:56]
CRITICAL WARNING: [Synth 8-6859] multi-driven net on pin Q with 1st driver pin 'IBS_Standalone_inst/enmapper_ECC_inst/i_reg[6]__0/Q' [C:/Users/Simone/Desktop/finale/TacconiAsnaghi_PUF/TacconiAsnaghi_PUF.srcs/sources_1/new/enmapper_ECC.v:56]
CRITICAL WARNING: [Synth 8-6859] multi-driven net on pin Q with 2nd driver pin 'GND' [C:/Users/Simone/Desktop/finale/TacconiAsnaghi_PUF/TacconiAsnaghi_PUF.srcs/sources_1/new/enmapper_ECC.v:56]
CRITICAL WARNING: [Synth 8-6858] multi-driven net Q is connected to at least one constant driver which has been preserved, other driver is ignored [C:/Users/Simone/Desktop/finale/TacconiAsnaghi_PUF/TacconiAsnaghi_PUF.srcs/sources_1/new/enmapper_ECC.v:56]
CRITICAL WARNING: [Synth 8-6859] multi-driven net on pin Q with 1st driver pin 'IBS_Standalone_inst/enmapper_ECC_inst/i_reg[5]__0/Q' [C:/Users/Simone/Desktop/finale/TacconiAsnaghi_PUF/TacconiAsnaghi_PUF.srcs/sources_1/new/enmapper_ECC.v:56]
CRITICAL WARNING: [Synth 8-6859] multi-driven net on pin Q with 2nd driver pin 'GND' [C:/Users/Simone/Desktop/finale/TacconiAsnaghi_PUF/TacconiAsnaghi_PUF.srcs/sources_1/new/enmapper_ECC.v:56]
CRITICAL WARNING: [Synth 8-6858] multi-driven net Q is connected to at least one constant driver which has been preserved, other driver is ignored [C:/Users/Simone/Desktop/finale/TacconiAsnaghi_PUF/TacconiAsnaghi_PUF.srcs/sources_1/new/enmapper_ECC.v:56]
CRITICAL WARNING: [Synth 8-6859] multi-driven net on pin Q with 1st driver pin 'IBS_Standalone_inst/enmapper_ECC_inst/i_reg[4]__0/Q' [C:/Users/Simone/Desktop/finale/TacconiAsnaghi_PUF/TacconiAsnaghi_PUF.srcs/sources_1/new/enmapper_ECC.v:56]
CRITICAL WARNING: [Synth 8-6859] multi-driven net on pin Q with 2nd driver pin 'GND' [C:/Users/Simone/Desktop/finale/TacconiAsnaghi_PUF/TacconiAsnaghi_PUF.srcs/sources_1/new/enmapper_ECC.v:56]
CRITICAL WARNING: [Synth 8-6858] multi-driven net Q is connected to at least one constant driver which has been preserved, other driver is ignored [C:/Users/Simone/Desktop/finale/TacconiAsnaghi_PUF/TacconiAsnaghi_PUF.srcs/sources_1/new/enmapper_ECC.v:56]
CRITICAL WARNING: [Synth 8-6859] multi-driven net on pin Q with 1st driver pin 'IBS_Standalone_inst/enmapper_ECC_inst/i_reg[3]__0/Q' [C:/Users/Simone/Desktop/finale/TacconiAsnaghi_PUF/TacconiAsnaghi_PUF.srcs/sources_1/new/enmapper_ECC.v:56]
CRITICAL WARNING: [Synth 8-6859] multi-driven net on pin Q with 2nd driver pin 'GND' [C:/Users/Simone/Desktop/finale/TacconiAsnaghi_PUF/TacconiAsnaghi_PUF.srcs/sources_1/new/enmapper_ECC.v:56]
CRITICAL WARNING: [Synth 8-6858] multi-driven net Q is connected to at least one constant driver which has been preserved, other driver is ignored [C:/Users/Simone/Desktop/finale/TacconiAsnaghi_PUF/TacconiAsnaghi_PUF.srcs/sources_1/new/enmapper_ECC.v:56]
CRITICAL WARNING: [Synth 8-6859] multi-driven net on pin Q with 1st driver pin 'IBS_Standalone_inst/enmapper_ECC_inst/i_reg[2]__0/Q' [C:/Users/Simone/Desktop/finale/TacconiAsnaghi_PUF/TacconiAsnaghi_PUF.srcs/sources_1/new/enmapper_ECC.v:56]
CRITICAL WARNING: [Synth 8-6859] multi-driven net on pin Q with 2nd driver pin 'GND' [C:/Users/Simone/Desktop/finale/TacconiAsnaghi_PUF/TacconiAsnaghi_PUF.srcs/sources_1/new/enmapper_ECC.v:56]
CRITICAL WARNING: [Synth 8-6858] multi-driven net Q is connected to at least one constant driver which has been preserved, other driver is ignored [C:/Users/Simone/Desktop/finale/TacconiAsnaghi_PUF/TacconiAsnaghi_PUF.srcs/sources_1/new/enmapper_ECC.v:56]
CRITICAL WARNING: [Synth 8-6859] multi-driven net on pin Q with 1st driver pin 'IBS_Standalone_inst/enmapper_ECC_inst/i_reg[1]__0/Q' [C:/Users/Simone/Desktop/finale/TacconiAsnaghi_PUF/TacconiAsnaghi_PUF.srcs/sources_1/new/enmapper_ECC.v:56]
CRITICAL WARNING: [Synth 8-6859] multi-driven net on pin Q with 2nd driver pin 'GND' [C:/Users/Simone/Desktop/finale/TacconiAsnaghi_PUF/TacconiAsnaghi_PUF.srcs/sources_1/new/enmapper_ECC.v:56]
CRITICAL WARNING: [Synth 8-6858] multi-driven net Q is connected to at least one constant driver which has been preserved, other driver is ignored [C:/Users/Simone/Desktop/finale/TacconiAsnaghi_PUF/TacconiAsnaghi_PUF.srcs/sources_1/new/enmapper_ECC.v:56]
CRITICAL WARNING: [Synth 8-6859] multi-driven net on pin Q with 1st driver pin 'IBS_Standalone_inst/enmapper_ECC_inst/i_reg[0]__0/Q' [C:/Users/Simone/Desktop/finale/TacconiAsnaghi_PUF/TacconiAsnaghi_PUF.srcs/sources_1/new/enmapper_ECC.v:56]
CRITICAL WARNING: [Synth 8-6859] multi-driven net on pin Q with 2nd driver pin 'GND' [C:/Users/Simone/Desktop/finale/TacconiAsnaghi_PUF/TacconiAsnaghi_PUF.srcs/sources_1/new/enmapper_ECC.v:56]
CRITICAL WARNING: [Synth 8-6858] multi-driven net Q is connected to at least one constant driver which has been preserved, other driver is ignored [C:/Users/Simone/Desktop/finale/TacconiAsnaghi_PUF/TacconiAsnaghi_PUF.srcs/sources_1/new/enmapper_ECC.v:56]
CRITICAL WARNING: [Synth 8-6859] multi-driven net on pin Q with 1st driver pin 'IBS_Standalone_inst/enmapper_ECC_inst/done_reg__0/Q' [C:/Users/Simone/Desktop/finale/TacconiAsnaghi_PUF/TacconiAsnaghi_PUF.srcs/sources_1/new/enmapper_ECC.v:60]
CRITICAL WARNING: [Synth 8-6859] multi-driven net on pin Q with 2nd driver pin 'GND' [C:/Users/Simone/Desktop/finale/TacconiAsnaghi_PUF/TacconiAsnaghi_PUF.srcs/sources_1/new/enmapper_ECC.v:60]
CRITICAL WARNING: [Synth 8-6858] multi-driven net Q is connected to at least one constant driver which has been preserved, other driver is ignored [C:/Users/Simone/Desktop/finale/TacconiAsnaghi_PUF/TacconiAsnaghi_PUF.srcs/sources_1/new/enmapper_ECC.v:60]
CRITICAL WARNING: [Synth 8-6859] multi-driven net on pin Q with 1st driver pin 'IBS_Standalone_inst/enmapper_ECC_inst/b_indexing_reg[1]__0/Q' [C:/Users/Simone/Desktop/finale/TacconiAsnaghi_PUF/TacconiAsnaghi_PUF.srcs/sources_1/new/enmapper_ECC.v:58]
CRITICAL WARNING: [Synth 8-6859] multi-driven net on pin Q with 2nd driver pin 'GND' [C:/Users/Simone/Desktop/finale/TacconiAsnaghi_PUF/TacconiAsnaghi_PUF.srcs/sources_1/new/enmapper_ECC.v:58]
CRITICAL WARNING: [Synth 8-6858] multi-driven net Q is connected to at least one constant driver which has been preserved, other driver is ignored [C:/Users/Simone/Desktop/finale/TacconiAsnaghi_PUF/TacconiAsnaghi_PUF.srcs/sources_1/new/enmapper_ECC.v:58]
CRITICAL WARNING: [Synth 8-6859] multi-driven net on pin Q with 1st driver pin 'IBS_Standalone_inst/enmapper_ECC_inst/b_indexing_reg[0]__0/Q' [C:/Users/Simone/Desktop/finale/TacconiAsnaghi_PUF/TacconiAsnaghi_PUF.srcs/sources_1/new/enmapper_ECC.v:58]
CRITICAL WARNING: [Synth 8-6859] multi-driven net on pin Q with 2nd driver pin 'GND' [C:/Users/Simone/Desktop/finale/TacconiAsnaghi_PUF/TacconiAsnaghi_PUF.srcs/sources_1/new/enmapper_ECC.v:58]
CRITICAL WARNING: [Synth 8-6858] multi-driven net Q is connected to at least one constant driver which has been preserved, other driver is ignored [C:/Users/Simone/Desktop/finale/TacconiAsnaghi_PUF/TacconiAsnaghi_PUF.srcs/sources_1/new/enmapper_ECC.v:58]
CRITICAL WARNING: [Synth 8-6859] multi-driven net on pin Q with 1st driver pin 'IBS_Standalone_inst/enmapper_ECC_inst/index_internal_reg[0][7]__0/Q' [C:/Users/Simone/Desktop/finale/TacconiAsnaghi_PUF/TacconiAsnaghi_PUF.srcs/sources_1/new/enmapper_ECC.v:64]
CRITICAL WARNING: [Synth 8-6859] multi-driven net on pin Q with 2nd driver pin 'GND' [C:/Users/Simone/Desktop/finale/TacconiAsnaghi_PUF/TacconiAsnaghi_PUF.srcs/sources_1/new/enmapper_ECC.v:64]
CRITICAL WARNING: [Synth 8-6858] multi-driven net Q is connected to at least one constant driver which has been preserved, other driver is ignored [C:/Users/Simone/Desktop/finale/TacconiAsnaghi_PUF/TacconiAsnaghi_PUF.srcs/sources_1/new/enmapper_ECC.v:64]
CRITICAL WARNING: [Synth 8-6859] multi-driven net on pin Q with 1st driver pin 'IBS_Standalone_inst/enmapper_ECC_inst/index_internal_reg[0][6]__0/Q' [C:/Users/Simone/Desktop/finale/TacconiAsnaghi_PUF/TacconiAsnaghi_PUF.srcs/sources_1/new/enmapper_ECC.v:64]
CRITICAL WARNING: [Synth 8-6859] multi-driven net on pin Q with 2nd driver pin 'GND' [C:/Users/Simone/Desktop/finale/TacconiAsnaghi_PUF/TacconiAsnaghi_PUF.srcs/sources_1/new/enmapper_ECC.v:64]
CRITICAL WARNING: [Synth 8-6858] multi-driven net Q is connected to at least one constant driver which has been preserved, other driver is ignored [C:/Users/Simone/Desktop/finale/TacconiAsnaghi_PUF/TacconiAsnaghi_PUF.srcs/sources_1/new/enmapper_ECC.v:64]
CRITICAL WARNING: [Synth 8-6859] multi-driven net on pin Q with 1st driver pin 'IBS_Standalone_inst/enmapper_ECC_inst/index_internal_reg[0][5]__0/Q' [C:/Users/Simone/Desktop/finale/TacconiAsnaghi_PUF/TacconiAsnaghi_PUF.srcs/sources_1/new/enmapper_ECC.v:64]
CRITICAL WARNING: [Synth 8-6859] multi-driven net on pin Q with 2nd driver pin 'GND' [C:/Users/Simone/Desktop/finale/TacconiAsnaghi_PUF/TacconiAsnaghi_PUF.srcs/sources_1/new/enmapper_ECC.v:64]
CRITICAL WARNING: [Synth 8-6858] multi-driven net Q is connected to at least one constant driver which has been preserved, other driver is ignored [C:/Users/Simone/Desktop/finale/TacconiAsnaghi_PUF/TacconiAsnaghi_PUF.srcs/sources_1/new/enmapper_ECC.v:64]
CRITICAL WARNING: [Synth 8-6859] multi-driven net on pin Q with 1st driver pin 'IBS_Standalone_inst/enmapper_ECC_inst/index_internal_reg[0][4]__0/Q' [C:/Users/Simone/Desktop/finale/TacconiAsnaghi_PUF/TacconiAsnaghi_PUF.srcs/sources_1/new/enmapper_ECC.v:64]
CRITICAL WARNING: [Synth 8-6859] multi-driven net on pin Q with 2nd driver pin 'GND' [C:/Users/Simone/Desktop/finale/TacconiAsnaghi_PUF/TacconiAsnaghi_PUF.srcs/sources_1/new/enmapper_ECC.v:64]
CRITICAL WARNING: [Synth 8-6858] multi-driven net Q is connected to at least one constant driver which has been preserved, other driver is ignored [C:/Users/Simone/Desktop/finale/TacconiAsnaghi_PUF/TacconiAsnaghi_PUF.srcs/sources_1/new/enmapper_ECC.v:64]
CRITICAL WARNING: [Synth 8-6859] multi-driven net on pin Q with 1st driver pin 'IBS_Standalone_inst/enmapper_ECC_inst/index_internal_reg[0][3]__0/Q' [C:/Users/Simone/Desktop/finale/TacconiAsnaghi_PUF/TacconiAsnaghi_PUF.srcs/sources_1/new/enmapper_ECC.v:64]
CRITICAL WARNING: [Synth 8-6859] multi-driven net on pin Q with 2nd driver pin 'GND' [C:/Users/Simone/Desktop/finale/TacconiAsnaghi_PUF/TacconiAsnaghi_PUF.srcs/sources_1/new/enmapper_ECC.v:64]
CRITICAL WARNING: [Synth 8-6858] multi-driven net Q is connected to at least one constant driver which has been preserved, other driver is ignored [C:/Users/Simone/Desktop/finale/TacconiAsnaghi_PUF/TacconiAsnaghi_PUF.srcs/sources_1/new/enmapper_ECC.v:64]
CRITICAL WARNING: [Synth 8-6859] multi-driven net on pin Q with 1st driver pin 'IBS_Standalone_inst/enmapper_ECC_inst/index_internal_reg[0][2]__0/Q' [C:/Users/Simone/Desktop/finale/TacconiAsnaghi_PUF/TacconiAsnaghi_PUF.srcs/sources_1/new/enmapper_ECC.v:64]
CRITICAL WARNING: [Synth 8-6859] multi-driven net on pin Q with 2nd driver pin 'GND' [C:/Users/Simone/Desktop/finale/TacconiAsnaghi_PUF/TacconiAsnaghi_PUF.srcs/sources_1/new/enmapper_ECC.v:64]
CRITICAL WARNING: [Synth 8-6858] multi-driven net Q is connected to at least one constant driver which has been preserved, other driver is ignored [C:/Users/Simone/Desktop/finale/TacconiAsnaghi_PUF/TacconiAsnaghi_PUF.srcs/sources_1/new/enmapper_ECC.v:64]
CRITICAL WARNING: [Synth 8-6859] multi-driven net on pin Q with 1st driver pin 'IBS_Standalone_inst/enmapper_ECC_inst/index_internal_reg[0][1]__0/Q' [C:/Users/Simone/Desktop/finale/TacconiAsnaghi_PUF/TacconiAsnaghi_PUF.srcs/sources_1/new/enmapper_ECC.v:64]
CRITICAL WARNING: [Synth 8-6859] multi-driven net on pin Q with 2nd driver pin 'GND' [C:/Users/Simone/Desktop/finale/TacconiAsnaghi_PUF/TacconiAsnaghi_PUF.srcs/sources_1/new/enmapper_ECC.v:64]
CRITICAL WARNING: [Synth 8-6858] multi-driven net Q is connected to at least one constant driver which has been preserved, other driver is ignored [C:/Users/Simone/Desktop/finale/TacconiAsnaghi_PUF/TacconiAsnaghi_PUF.srcs/sources_1/new/enmapper_ECC.v:64]
CRITICAL WARNING: [Synth 8-6859] multi-driven net on pin Q with 1st driver pin 'IBS_Standalone_inst/enmapper_ECC_inst/index_internal_reg[0][0]__0/Q' [C:/Users/Simone/Desktop/finale/TacconiAsnaghi_PUF/TacconiAsnaghi_PUF.srcs/sources_1/new/enmapper_ECC.v:64]
CRITICAL WARNING: [Synth 8-6859] multi-driven net on pin Q with 2nd driver pin 'GND' [C:/Users/Simone/Desktop/finale/TacconiAsnaghi_PUF/TacconiAsnaghi_PUF.srcs/sources_1/new/enmapper_ECC.v:64]
CRITICAL WARNING: [Synth 8-6858] multi-driven net Q is connected to at least one constant driver which has been preserved, other driver is ignored [C:/Users/Simone/Desktop/finale/TacconiAsnaghi_PUF/TacconiAsnaghi_PUF.srcs/sources_1/new/enmapper_ECC.v:64]
CRITICAL WARNING: [Synth 8-6859] multi-driven net on pin Q with 1st driver pin 'IBS_Standalone_inst/enmapper_ECC_inst/index_internal_reg[1][7]__0/Q' [C:/Users/Simone/Desktop/finale/TacconiAsnaghi_PUF/TacconiAsnaghi_PUF.srcs/sources_1/new/enmapper_ECC.v:64]
CRITICAL WARNING: [Synth 8-6859] multi-driven net on pin Q with 2nd driver pin 'GND' [C:/Users/Simone/Desktop/finale/TacconiAsnaghi_PUF/TacconiAsnaghi_PUF.srcs/sources_1/new/enmapper_ECC.v:64]
CRITICAL WARNING: [Synth 8-6858] multi-driven net Q is connected to at least one constant driver which has been preserved, other driver is ignored [C:/Users/Simone/Desktop/finale/TacconiAsnaghi_PUF/TacconiAsnaghi_PUF.srcs/sources_1/new/enmapper_ECC.v:64]
CRITICAL WARNING: [Synth 8-6859] multi-driven net on pin Q with 1st driver pin 'IBS_Standalone_inst/enmapper_ECC_inst/index_internal_reg[1][6]__0/Q' [C:/Users/Simone/Desktop/finale/TacconiAsnaghi_PUF/TacconiAsnaghi_PUF.srcs/sources_1/new/enmapper_ECC.v:64]
CRITICAL WARNING: [Synth 8-6859] multi-driven net on pin Q with 2nd driver pin 'GND' [C:/Users/Simone/Desktop/finale/TacconiAsnaghi_PUF/TacconiAsnaghi_PUF.srcs/sources_1/new/enmapper_ECC.v:64]
CRITICAL WARNING: [Synth 8-6858] multi-driven net Q is connected to at least one constant driver which has been preserved, other driver is ignored [C:/Users/Simone/Desktop/finale/TacconiAsnaghi_PUF/TacconiAsnaghi_PUF.srcs/sources_1/new/enmapper_ECC.v:64]
CRITICAL WARNING: [Synth 8-6859] multi-driven net on pin Q with 1st driver pin 'IBS_Standalone_inst/enmapper_ECC_inst/index_internal_reg[1][5]__0/Q' [C:/Users/Simone/Desktop/finale/TacconiAsnaghi_PUF/TacconiAsnaghi_PUF.srcs/sources_1/new/enmapper_ECC.v:64]
CRITICAL WARNING: [Synth 8-6859] multi-driven net on pin Q with 2nd driver pin 'GND' [C:/Users/Simone/Desktop/finale/TacconiAsnaghi_PUF/TacconiAsnaghi_PUF.srcs/sources_1/new/enmapper_ECC.v:64]
CRITICAL WARNING: [Synth 8-6858] multi-driven net Q is connected to at least one constant driver which has been preserved, other driver is ignored [C:/Users/Simone/Desktop/finale/TacconiAsnaghi_PUF/TacconiAsnaghi_PUF.srcs/sources_1/new/enmapper_ECC.v:64]
CRITICAL WARNING: [Synth 8-6859] multi-driven net on pin Q with 1st driver pin 'IBS_Standalone_inst/enmapper_ECC_inst/index_internal_reg[1][4]__0/Q' [C:/Users/Simone/Desktop/finale/TacconiAsnaghi_PUF/TacconiAsnaghi_PUF.srcs/sources_1/new/enmapper_ECC.v:64]
CRITICAL WARNING: [Synth 8-6859] multi-driven net on pin Q with 2nd driver pin 'GND' [C:/Users/Simone/Desktop/finale/TacconiAsnaghi_PUF/TacconiAsnaghi_PUF.srcs/sources_1/new/enmapper_ECC.v:64]
CRITICAL WARNING: [Synth 8-6858] multi-driven net Q is connected to at least one constant driver which has been preserved, other driver is ignored [C:/Users/Simone/Desktop/finale/TacconiAsnaghi_PUF/TacconiAsnaghi_PUF.srcs/sources_1/new/enmapper_ECC.v:64]
CRITICAL WARNING: [Synth 8-6859] multi-driven net on pin Q with 1st driver pin 'IBS_Standalone_inst/enmapper_ECC_inst/index_internal_reg[1][3]__0/Q' [C:/Users/Simone/Desktop/finale/TacconiAsnaghi_PUF/TacconiAsnaghi_PUF.srcs/sources_1/new/enmapper_ECC.v:64]
CRITICAL WARNING: [Synth 8-6859] multi-driven net on pin Q with 2nd driver pin 'GND' [C:/Users/Simone/Desktop/finale/TacconiAsnaghi_PUF/TacconiAsnaghi_PUF.srcs/sources_1/new/enmapper_ECC.v:64]
CRITICAL WARNING: [Synth 8-6858] multi-driven net Q is connected to at least one constant driver which has been preserved, other driver is ignored [C:/Users/Simone/Desktop/finale/TacconiAsnaghi_PUF/TacconiAsnaghi_PUF.srcs/sources_1/new/enmapper_ECC.v:64]
CRITICAL WARNING: [Synth 8-6859] multi-driven net on pin Q with 1st driver pin 'IBS_Standalone_inst/enmapper_ECC_inst/index_internal_reg[1][2]__0/Q' [C:/Users/Simone/Desktop/finale/TacconiAsnaghi_PUF/TacconiAsnaghi_PUF.srcs/sources_1/new/enmapper_ECC.v:64]
CRITICAL WARNING: [Synth 8-6859] multi-driven net on pin Q with 2nd driver pin 'GND' [C:/Users/Simone/Desktop/finale/TacconiAsnaghi_PUF/TacconiAsnaghi_PUF.srcs/sources_1/new/enmapper_ECC.v:64]
CRITICAL WARNING: [Synth 8-6858] multi-driven net Q is connected to at least one constant driver which has been preserved, other driver is ignored [C:/Users/Simone/Desktop/finale/TacconiAsnaghi_PUF/TacconiAsnaghi_PUF.srcs/sources_1/new/enmapper_ECC.v:64]
CRITICAL WARNING: [Synth 8-6859] multi-driven net on pin Q with 1st driver pin 'IBS_Standalone_inst/enmapper_ECC_inst/index_internal_reg[1][1]__0/Q' [C:/Users/Simone/Desktop/finale/TacconiAsnaghi_PUF/TacconiAsnaghi_PUF.srcs/sources_1/new/enmapper_ECC.v:64]
CRITICAL WARNING: [Synth 8-6859] multi-driven net on pin Q with 2nd driver pin 'GND' [C:/Users/Simone/Desktop/finale/TacconiAsnaghi_PUF/TacconiAsnaghi_PUF.srcs/sources_1/new/enmapper_ECC.v:64]
CRITICAL WARNING: [Synth 8-6858] multi-driven net Q is connected to at least one constant driver which has been preserved, other driver is ignored [C:/Users/Simone/Desktop/finale/TacconiAsnaghi_PUF/TacconiAsnaghi_PUF.srcs/sources_1/new/enmapper_ECC.v:64]
CRITICAL WARNING: [Synth 8-6859] multi-driven net on pin Q with 1st driver pin 'IBS_Standalone_inst/enmapper_ECC_inst/index_internal_reg[1][0]__0/Q' [C:/Users/Simone/Desktop/finale/TacconiAsnaghi_PUF/TacconiAsnaghi_PUF.srcs/sources_1/new/enmapper_ECC.v:64]
CRITICAL WARNING: [Synth 8-6859] multi-driven net on pin Q with 2nd driver pin 'GND' [C:/Users/Simone/Desktop/finale/TacconiAsnaghi_PUF/TacconiAsnaghi_PUF.srcs/sources_1/new/enmapper_ECC.v:64]
CRITICAL WARNING: [Synth 8-6858] multi-driven net Q is connected to at least one constant driver which has been preserved, other driver is ignored [C:/Users/Simone/Desktop/finale/TacconiAsnaghi_PUF/TacconiAsnaghi_PUF.srcs/sources_1/new/enmapper_ECC.v:64]
CRITICAL WARNING: [Synth 8-6859] multi-driven net on pin Q with 1st driver pin 'IBS_Standalone_inst/demapper_ECC_inst/count_reg[7]__0/Q' [C:/Users/Simone/Desktop/finale/TacconiAsnaghi_PUF/TacconiAsnaghi_PUF.srcs/sources_1/new/demapper_ECC.v:59]
CRITICAL WARNING: [Synth 8-6859] multi-driven net on pin Q with 2nd driver pin 'GND' [C:/Users/Simone/Desktop/finale/TacconiAsnaghi_PUF/TacconiAsnaghi_PUF.srcs/sources_1/new/demapper_ECC.v:59]
CRITICAL WARNING: [Synth 8-6858] multi-driven net Q is connected to at least one constant driver which has been preserved, other driver is ignored [C:/Users/Simone/Desktop/finale/TacconiAsnaghi_PUF/TacconiAsnaghi_PUF.srcs/sources_1/new/demapper_ECC.v:59]
CRITICAL WARNING: [Synth 8-6859] multi-driven net on pin Q with 1st driver pin 'IBS_Standalone_inst/demapper_ECC_inst/count_reg[6]__0/Q' [C:/Users/Simone/Desktop/finale/TacconiAsnaghi_PUF/TacconiAsnaghi_PUF.srcs/sources_1/new/demapper_ECC.v:59]
CRITICAL WARNING: [Synth 8-6859] multi-driven net on pin Q with 2nd driver pin 'GND' [C:/Users/Simone/Desktop/finale/TacconiAsnaghi_PUF/TacconiAsnaghi_PUF.srcs/sources_1/new/demapper_ECC.v:59]
CRITICAL WARNING: [Synth 8-6858] multi-driven net Q is connected to at least one constant driver which has been preserved, other driver is ignored [C:/Users/Simone/Desktop/finale/TacconiAsnaghi_PUF/TacconiAsnaghi_PUF.srcs/sources_1/new/demapper_ECC.v:59]
CRITICAL WARNING: [Synth 8-6859] multi-driven net on pin Q with 1st driver pin 'IBS_Standalone_inst/demapper_ECC_inst/count_reg[5]__0/Q' [C:/Users/Simone/Desktop/finale/TacconiAsnaghi_PUF/TacconiAsnaghi_PUF.srcs/sources_1/new/demapper_ECC.v:59]
CRITICAL WARNING: [Synth 8-6859] multi-driven net on pin Q with 2nd driver pin 'GND' [C:/Users/Simone/Desktop/finale/TacconiAsnaghi_PUF/TacconiAsnaghi_PUF.srcs/sources_1/new/demapper_ECC.v:59]
CRITICAL WARNING: [Synth 8-6858] multi-driven net Q is connected to at least one constant driver which has been preserved, other driver is ignored [C:/Users/Simone/Desktop/finale/TacconiAsnaghi_PUF/TacconiAsnaghi_PUF.srcs/sources_1/new/demapper_ECC.v:59]
CRITICAL WARNING: [Synth 8-6859] multi-driven net on pin Q with 1st driver pin 'IBS_Standalone_inst/demapper_ECC_inst/count_reg[4]__0/Q' [C:/Users/Simone/Desktop/finale/TacconiAsnaghi_PUF/TacconiAsnaghi_PUF.srcs/sources_1/new/demapper_ECC.v:59]
CRITICAL WARNING: [Synth 8-6859] multi-driven net on pin Q with 2nd driver pin 'GND' [C:/Users/Simone/Desktop/finale/TacconiAsnaghi_PUF/TacconiAsnaghi_PUF.srcs/sources_1/new/demapper_ECC.v:59]
CRITICAL WARNING: [Synth 8-6858] multi-driven net Q is connected to at least one constant driver which has been preserved, other driver is ignored [C:/Users/Simone/Desktop/finale/TacconiAsnaghi_PUF/TacconiAsnaghi_PUF.srcs/sources_1/new/demapper_ECC.v:59]
CRITICAL WARNING: [Synth 8-6859] multi-driven net on pin Q with 1st driver pin 'IBS_Standalone_inst/demapper_ECC_inst/count_reg[3]__0/Q' [C:/Users/Simone/Desktop/finale/TacconiAsnaghi_PUF/TacconiAsnaghi_PUF.srcs/sources_1/new/demapper_ECC.v:59]
CRITICAL WARNING: [Synth 8-6859] multi-driven net on pin Q with 2nd driver pin 'GND' [C:/Users/Simone/Desktop/finale/TacconiAsnaghi_PUF/TacconiAsnaghi_PUF.srcs/sources_1/new/demapper_ECC.v:59]
CRITICAL WARNING: [Synth 8-6858] multi-driven net Q is connected to at least one constant driver which has been preserved, other driver is ignored [C:/Users/Simone/Desktop/finale/TacconiAsnaghi_PUF/TacconiAsnaghi_PUF.srcs/sources_1/new/demapper_ECC.v:59]
CRITICAL WARNING: [Synth 8-6859] multi-driven net on pin Q with 1st driver pin 'IBS_Standalone_inst/demapper_ECC_inst/count_reg[2]__0/Q' [C:/Users/Simone/Desktop/finale/TacconiAsnaghi_PUF/TacconiAsnaghi_PUF.srcs/sources_1/new/demapper_ECC.v:59]
CRITICAL WARNING: [Synth 8-6859] multi-driven net on pin Q with 2nd driver pin 'GND' [C:/Users/Simone/Desktop/finale/TacconiAsnaghi_PUF/TacconiAsnaghi_PUF.srcs/sources_1/new/demapper_ECC.v:59]
CRITICAL WARNING: [Synth 8-6858] multi-driven net Q is connected to at least one constant driver which has been preserved, other driver is ignored [C:/Users/Simone/Desktop/finale/TacconiAsnaghi_PUF/TacconiAsnaghi_PUF.srcs/sources_1/new/demapper_ECC.v:59]
CRITICAL WARNING: [Synth 8-6859] multi-driven net on pin Q with 1st driver pin 'IBS_Standalone_inst/demapper_ECC_inst/count_reg[1]__0/Q' [C:/Users/Simone/Desktop/finale/TacconiAsnaghi_PUF/TacconiAsnaghi_PUF.srcs/sources_1/new/demapper_ECC.v:59]
CRITICAL WARNING: [Synth 8-6859] multi-driven net on pin Q with 2nd driver pin 'GND' [C:/Users/Simone/Desktop/finale/TacconiAsnaghi_PUF/TacconiAsnaghi_PUF.srcs/sources_1/new/demapper_ECC.v:59]
CRITICAL WARNING: [Synth 8-6858] multi-driven net Q is connected to at least one constant driver which has been preserved, other driver is ignored [C:/Users/Simone/Desktop/finale/TacconiAsnaghi_PUF/TacconiAsnaghi_PUF.srcs/sources_1/new/demapper_ECC.v:59]
CRITICAL WARNING: [Synth 8-6859] multi-driven net on pin Q with 1st driver pin 'IBS_Standalone_inst/demapper_ECC_inst/count_reg[0]__0/Q' [C:/Users/Simone/Desktop/finale/TacconiAsnaghi_PUF/TacconiAsnaghi_PUF.srcs/sources_1/new/demapper_ECC.v:59]
CRITICAL WARNING: [Synth 8-6859] multi-driven net on pin Q with 2nd driver pin 'GND' [C:/Users/Simone/Desktop/finale/TacconiAsnaghi_PUF/TacconiAsnaghi_PUF.srcs/sources_1/new/demapper_ECC.v:59]
CRITICAL WARNING: [Synth 8-6858] multi-driven net Q is connected to at least one constant driver which has been preserved, other driver is ignored [C:/Users/Simone/Desktop/finale/TacconiAsnaghi_PUF/TacconiAsnaghi_PUF.srcs/sources_1/new/demapper_ECC.v:59]
CRITICAL WARNING: [Synth 8-6859] multi-driven net on pin Q with 1st driver pin 'IBS_Standalone_inst/demapper_ECC_inst/i_reg[7]__0/Q' [C:/Users/Simone/Desktop/finale/TacconiAsnaghi_PUF/TacconiAsnaghi_PUF.srcs/sources_1/new/demapper_ECC.v:58]
CRITICAL WARNING: [Synth 8-6859] multi-driven net on pin Q with 2nd driver pin 'GND' [C:/Users/Simone/Desktop/finale/TacconiAsnaghi_PUF/TacconiAsnaghi_PUF.srcs/sources_1/new/demapper_ECC.v:58]
CRITICAL WARNING: [Synth 8-6858] multi-driven net Q is connected to at least one constant driver which has been preserved, other driver is ignored [C:/Users/Simone/Desktop/finale/TacconiAsnaghi_PUF/TacconiAsnaghi_PUF.srcs/sources_1/new/demapper_ECC.v:58]
CRITICAL WARNING: [Synth 8-6859] multi-driven net on pin Q with 1st driver pin 'IBS_Standalone_inst/demapper_ECC_inst/i_reg[6]__0/Q' [C:/Users/Simone/Desktop/finale/TacconiAsnaghi_PUF/TacconiAsnaghi_PUF.srcs/sources_1/new/demapper_ECC.v:58]
CRITICAL WARNING: [Synth 8-6859] multi-driven net on pin Q with 2nd driver pin 'GND' [C:/Users/Simone/Desktop/finale/TacconiAsnaghi_PUF/TacconiAsnaghi_PUF.srcs/sources_1/new/demapper_ECC.v:58]
CRITICAL WARNING: [Synth 8-6858] multi-driven net Q is connected to at least one constant driver which has been preserved, other driver is ignored [C:/Users/Simone/Desktop/finale/TacconiAsnaghi_PUF/TacconiAsnaghi_PUF.srcs/sources_1/new/demapper_ECC.v:58]
CRITICAL WARNING: [Synth 8-6859] multi-driven net on pin Q with 1st driver pin 'IBS_Standalone_inst/demapper_ECC_inst/i_reg[5]__0/Q' [C:/Users/Simone/Desktop/finale/TacconiAsnaghi_PUF/TacconiAsnaghi_PUF.srcs/sources_1/new/demapper_ECC.v:58]
CRITICAL WARNING: [Synth 8-6859] multi-driven net on pin Q with 2nd driver pin 'GND' [C:/Users/Simone/Desktop/finale/TacconiAsnaghi_PUF/TacconiAsnaghi_PUF.srcs/sources_1/new/demapper_ECC.v:58]
CRITICAL WARNING: [Synth 8-6858] multi-driven net Q is connected to at least one constant driver which has been preserved, other driver is ignored [C:/Users/Simone/Desktop/finale/TacconiAsnaghi_PUF/TacconiAsnaghi_PUF.srcs/sources_1/new/demapper_ECC.v:58]
CRITICAL WARNING: [Synth 8-6859] multi-driven net on pin Q with 1st driver pin 'IBS_Standalone_inst/demapper_ECC_inst/i_reg[4]__0/Q' [C:/Users/Simone/Desktop/finale/TacconiAsnaghi_PUF/TacconiAsnaghi_PUF.srcs/sources_1/new/demapper_ECC.v:58]
CRITICAL WARNING: [Synth 8-6859] multi-driven net on pin Q with 2nd driver pin 'GND' [C:/Users/Simone/Desktop/finale/TacconiAsnaghi_PUF/TacconiAsnaghi_PUF.srcs/sources_1/new/demapper_ECC.v:58]
CRITICAL WARNING: [Synth 8-6858] multi-driven net Q is connected to at least one constant driver which has been preserved, other driver is ignored [C:/Users/Simone/Desktop/finale/TacconiAsnaghi_PUF/TacconiAsnaghi_PUF.srcs/sources_1/new/demapper_ECC.v:58]
CRITICAL WARNING: [Synth 8-6859] multi-driven net on pin Q with 1st driver pin 'IBS_Standalone_inst/demapper_ECC_inst/i_reg[3]__0/Q' [C:/Users/Simone/Desktop/finale/TacconiAsnaghi_PUF/TacconiAsnaghi_PUF.srcs/sources_1/new/demapper_ECC.v:58]
CRITICAL WARNING: [Synth 8-6859] multi-driven net on pin Q with 2nd driver pin 'GND' [C:/Users/Simone/Desktop/finale/TacconiAsnaghi_PUF/TacconiAsnaghi_PUF.srcs/sources_1/new/demapper_ECC.v:58]
CRITICAL WARNING: [Synth 8-6858] multi-driven net Q is connected to at least one constant driver which has been preserved, other driver is ignored [C:/Users/Simone/Desktop/finale/TacconiAsnaghi_PUF/TacconiAsnaghi_PUF.srcs/sources_1/new/demapper_ECC.v:58]
CRITICAL WARNING: [Synth 8-6859] multi-driven net on pin Q with 1st driver pin 'IBS_Standalone_inst/demapper_ECC_inst/i_reg[2]__0/Q' [C:/Users/Simone/Desktop/finale/TacconiAsnaghi_PUF/TacconiAsnaghi_PUF.srcs/sources_1/new/demapper_ECC.v:58]
CRITICAL WARNING: [Synth 8-6859] multi-driven net on pin Q with 2nd driver pin 'GND' [C:/Users/Simone/Desktop/finale/TacconiAsnaghi_PUF/TacconiAsnaghi_PUF.srcs/sources_1/new/demapper_ECC.v:58]
CRITICAL WARNING: [Synth 8-6858] multi-driven net Q is connected to at least one constant driver which has been preserved, other driver is ignored [C:/Users/Simone/Desktop/finale/TacconiAsnaghi_PUF/TacconiAsnaghi_PUF.srcs/sources_1/new/demapper_ECC.v:58]
CRITICAL WARNING: [Synth 8-6859] multi-driven net on pin Q with 1st driver pin 'IBS_Standalone_inst/demapper_ECC_inst/i_reg[1]__0/Q' [C:/Users/Simone/Desktop/finale/TacconiAsnaghi_PUF/TacconiAsnaghi_PUF.srcs/sources_1/new/demapper_ECC.v:58]
CRITICAL WARNING: [Synth 8-6859] multi-driven net on pin Q with 2nd driver pin 'GND' [C:/Users/Simone/Desktop/finale/TacconiAsnaghi_PUF/TacconiAsnaghi_PUF.srcs/sources_1/new/demapper_ECC.v:58]
INFO: [Common 17-14] Message 'Synth 8-6859' appears 100 times and further instances of the messages will be disabled. Use the Tcl command set_msg_config to change the current settings.
CRITICAL WARNING: [Synth 8-6858] multi-driven net Q is connected to at least one constant driver which has been preserved, other driver is ignored [C:/Users/Simone/Desktop/finale/TacconiAsnaghi_PUF/TacconiAsnaghi_PUF.srcs/sources_1/new/demapper_ECC.v:58]
CRITICAL WARNING: [Synth 8-6858] multi-driven net Q is connected to at least one constant driver which has been preserved, other driver is ignored [C:/Users/Simone/Desktop/finale/TacconiAsnaghi_PUF/TacconiAsnaghi_PUF.srcs/sources_1/new/demapper_ECC.v:58]
CRITICAL WARNING: [Synth 8-6858] multi-driven net Q is connected to at least one constant driver which has been preserved, other driver is ignored [C:/Users/Simone/Desktop/finale/TacconiAsnaghi_PUF/TacconiAsnaghi_PUF.srcs/sources_1/new/demapper_ECC.v:63]
---------------------------------------------------------------------------------
Finished Cross Boundary and Area Optimization : Time (s): cpu = 00:01:18 ; elapsed = 00:01:23 . Memory (MB): peak = 1140.516 ; gain = 134.500
---------------------------------------------------------------------------------
---------------------------------------------------------------------------------
Start Applying XDC Timing Constraints
---------------------------------------------------------------------------------
---------------------------------------------------------------------------------
Finished Applying XDC Timing Constraints : Time (s): cpu = 00:01:41 ; elapsed = 00:01:49 . Memory (MB): peak = 1140.516 ; gain = 134.500
---------------------------------------------------------------------------------
---------------------------------------------------------------------------------
Start Timing Optimization
---------------------------------------------------------------------------------
---------------------------------------------------------------------------------
Finished Timing Optimization : Time (s): cpu = 00:01:41 ; elapsed = 00:01:49 . Memory (MB): peak = 1140.516 ; gain = 134.500
---------------------------------------------------------------------------------
---------------------------------------------------------------------------------
Start Technology Mapping
---------------------------------------------------------------------------------
---------------------------------------------------------------------------------
Finished Technology Mapping : Time (s): cpu = 00:01:41 ; elapsed = 00:01:49 . Memory (MB): peak = 1140.516 ; gain = 134.500
---------------------------------------------------------------------------------
---------------------------------------------------------------------------------
Start IO Insertion
---------------------------------------------------------------------------------
---------------------------------------------------------------------------------
Start Flattening Before IO Insertion
---------------------------------------------------------------------------------
---------------------------------------------------------------------------------
Finished Flattening Before IO Insertion
---------------------------------------------------------------------------------
---------------------------------------------------------------------------------
Start Final Netlist Cleanup
---------------------------------------------------------------------------------
---------------------------------------------------------------------------------
Finished Final Netlist Cleanup
---------------------------------------------------------------------------------
---------------------------------------------------------------------------------
Finished IO Insertion : Time (s): cpu = 00:01:50 ; elapsed = 00:01:58 . Memory (MB): peak = 1140.516 ; gain = 134.500
---------------------------------------------------------------------------------
---------------------------------------------------------------------------------
Start Renaming Generated Instances
---------------------------------------------------------------------------------
---------------------------------------------------------------------------------
Finished Renaming Generated Instances : Time (s): cpu = 00:01:50 ; elapsed = 00:01:58 . Memory (MB): peak = 1140.516 ; gain = 134.500
---------------------------------------------------------------------------------
---------------------------------------------------------------------------------
Start Rebuilding User Hierarchy
---------------------------------------------------------------------------------
---------------------------------------------------------------------------------
Finished Rebuilding User Hierarchy : Time (s): cpu = 00:01:50 ; elapsed = 00:01:58 . Memory (MB): peak = 1140.516 ; gain = 134.500
---------------------------------------------------------------------------------
---------------------------------------------------------------------------------
Start Renaming Generated Ports
---------------------------------------------------------------------------------
---------------------------------------------------------------------------------
Finished Renaming Generated Ports : Time (s): cpu = 00:01:50 ; elapsed = 00:01:58 . Memory (MB): peak = 1140.516 ; gain = 134.500
---------------------------------------------------------------------------------
---------------------------------------------------------------------------------
Start Handling Custom Attributes
---------------------------------------------------------------------------------
---------------------------------------------------------------------------------
Finished Handling Custom Attributes : Time (s): cpu = 00:01:50 ; elapsed = 00:01:58 . Memory (MB): peak = 1140.516 ; gain = 134.500
---------------------------------------------------------------------------------
---------------------------------------------------------------------------------
Start Renaming Generated Nets
---------------------------------------------------------------------------------
---------------------------------------------------------------------------------
Finished Renaming Generated Nets : Time (s): cpu = 00:01:50 ; elapsed = 00:01:58 . Memory (MB): peak = 1140.516 ; gain = 134.500
---------------------------------------------------------------------------------
---------------------------------------------------------------------------------
Start Writing Synthesis Report
---------------------------------------------------------------------------------

Report BlackBoxes: 
+-+--------------+----------+
| |BlackBox name |Instances |
+-+--------------+----------+
+-+--------------+----------+

Report Cell Usage: 
+------+-----+------+
|      |Cell |Count |
+------+-----+------+
|1     |BUFG |     1|
|2     |LUT1 |     2|
|3     |LUT2 |    10|
|4     |LUT3 |   256|
|5     |LUT4 |     1|
|6     |FDRE |    27|
|7     |FDSE |     1|
|8     |IBUF |    19|
|9     |OBUF |    10|
+------+-----+------+
---------------------------------------------------------------------------------
Finished Writing Synthesis Report : Time (s): cpu = 00:01:50 ; elapsed = 00:01:58 . Memory (MB): peak = 1140.516 ; gain = 134.500
---------------------------------------------------------------------------------
Synthesis finished with 0 errors, 156 critical warnings and 20 warnings.
Synthesis Optimization Runtime : Time (s): cpu = 00:01:04 ; elapsed = 00:01:45 . Memory (MB): peak = 1140.516 ; gain = 19.719
Synthesis Optimization Complete : Time (s): cpu = 00:01:50 ; elapsed = 00:01:58 . Memory (MB): peak = 1140.516 ; gain = 134.500
INFO: [Project 1-571] Translating synthesized netlist
Netlist sorting complete. Time (s): cpu = 00:00:00 ; elapsed = 00:00:00.011 . Memory (MB): peak = 1140.516 ; gain = 0.000
INFO: [Project 1-570] Preparing netlist for logic optimization
INFO: [Opt 31-138] Pushed 0 inverter(s) to 0 load pin(s).
Netlist sorting complete. Time (s): cpu = 00:00:00 ; elapsed = 00:00:00.001 . Memory (MB): peak = 1140.516 ; gain = 0.000
INFO: [Project 1-111] Unisim Transformation Summary:
No Unisim elements were transformed.

INFO: [Common 17-83] Releasing license: Synthesis
38 Infos, 80 Warnings, 206 Critical Warnings and 0 Errors encountered.
synth_design completed successfully
synth_design: Time (s): cpu = 00:02:05 ; elapsed = 00:02:18 . Memory (MB): peak = 1140.516 ; gain = 134.500
INFO: [runtcl-6] Synthesis results are not added to the cache due to CRITICAL_WARNING
INFO: [Common 17-1381] The checkpoint 'C:/Users/Simone/Desktop/finale/TacconiAsnaghi_PUF/TacconiAsnaghi_PUF.runs/synth_1/Arbiter_PUF.dcp' has been generated.
INFO: [runtcl-4] Executing : report_utilization -file Arbiter_PUF_utilization_synth.rpt -pb Arbiter_PUF_utilization_synth.pb
INFO: [Common 17-206] Exiting Vivado at Tue Feb  8 23:29:50 2022...
