Copyright 1986-2020 Xilinx, Inc. All Rights Reserved.
-----------------------------------------------------------------------------------------------------------------------------------------------------------------------
| Tool Version : Vivado v.2020.2 (win64) Build 3064766 Wed Nov 18 09:12:45 MST 2020
| Date         : Tue Feb  8 23:48:42 2022
| Host         : DESKTOP-UV9HJ0O running 64-bit major release  (build 9200)
| Command      : report_methodology -file Arbiter_PUF_methodology_drc_routed.rpt -pb Arbiter_PUF_methodology_drc_routed.pb -rpx Arbiter_PUF_methodology_drc_routed.rpx
| Design       : Arbiter_PUF
| Device       : xc7a35tcpg236-1
| Speed File   : -1
| Design State : Fully Routed
-----------------------------------------------------------------------------------------------------------------------------------------------------------------------

Report Methodology

Table of Contents
-----------------
1. REPORT SUMMARY
2. REPORT DETAILS

1. REPORT SUMMARY
-----------------
            Netlist: netlist
          Floorplan: checkpoint_Arbiter_PUF
      Design limits: <entire design considered>
             Max violations: <unlimited>
             Violations found: 20
+-----------+------------------+-----------------------------+------------+
| Rule      | Severity         | Description                 | Violations |
+-----------+------------------+-----------------------------+------------+
| TIMING-17 | Critical Warning | Non-clocked sequential cell | 20         |
+-----------+------------------+-----------------------------+------------+

2. REPORT DETAILS
-----------------
TIMING-17#1 Critical Warning
Non-clocked sequential cell  
The clock pin IBS_Standalone_inst/enmapper_ECC_inst/FSM_sequential_current_state_reg[0]/C is not reached by a timing clock
Related violations: <none>

TIMING-17#2 Critical Warning
Non-clocked sequential cell  
The clock pin IBS_Standalone_inst/start_out_reg/C is not reached by a timing clock
Related violations: <none>

TIMING-17#3 Critical Warning
Non-clocked sequential cell  
The clock pin reset2_reg/C is not reached by a timing clock
Related violations: <none>

TIMING-17#4 Critical Warning
Non-clocked sequential cell  
The clock pin start1_reg/C is not reached by a timing clock
Related violations: <none>

TIMING-17#5 Critical Warning
Non-clocked sequential cell  
The clock pin starter_inst/SINGLE_APUF_GENERATOR[0].trigger_down_reg/C is not reached by a timing clock
Related violations: <none>

TIMING-17#6 Critical Warning
Non-clocked sequential cell  
The clock pin starter_inst/SINGLE_APUF_GENERATOR[0].trigger_up_reg/C is not reached by a timing clock
Related violations: <none>

TIMING-17#7 Critical Warning
Non-clocked sequential cell  
The clock pin starter_inst/SINGLE_APUF_GENERATOR[1].trigger_down_reg/C is not reached by a timing clock
Related violations: <none>

TIMING-17#8 Critical Warning
Non-clocked sequential cell  
The clock pin starter_inst/SINGLE_APUF_GENERATOR[1].trigger_up_reg/C is not reached by a timing clock
Related violations: <none>

TIMING-17#9 Critical Warning
Non-clocked sequential cell  
The clock pin starter_inst/SINGLE_APUF_GENERATOR[2].trigger_down_reg/C is not reached by a timing clock
Related violations: <none>

TIMING-17#10 Critical Warning
Non-clocked sequential cell  
The clock pin starter_inst/SINGLE_APUF_GENERATOR[2].trigger_up_reg/C is not reached by a timing clock
Related violations: <none>

TIMING-17#11 Critical Warning
Non-clocked sequential cell  
The clock pin starter_inst/SINGLE_APUF_GENERATOR[3].trigger_down_reg/C is not reached by a timing clock
Related violations: <none>

TIMING-17#12 Critical Warning
Non-clocked sequential cell  
The clock pin starter_inst/SINGLE_APUF_GENERATOR[3].trigger_up_reg/C is not reached by a timing clock
Related violations: <none>

TIMING-17#13 Critical Warning
Non-clocked sequential cell  
The clock pin starter_inst/SINGLE_APUF_GENERATOR[4].trigger_down_reg/C is not reached by a timing clock
Related violations: <none>

TIMING-17#14 Critical Warning
Non-clocked sequential cell  
The clock pin starter_inst/SINGLE_APUF_GENERATOR[4].trigger_up_reg/C is not reached by a timing clock
Related violations: <none>

TIMING-17#15 Critical Warning
Non-clocked sequential cell  
The clock pin starter_inst/SINGLE_APUF_GENERATOR[5].trigger_down_reg/C is not reached by a timing clock
Related violations: <none>

TIMING-17#16 Critical Warning
Non-clocked sequential cell  
The clock pin starter_inst/SINGLE_APUF_GENERATOR[5].trigger_up_reg/C is not reached by a timing clock
Related violations: <none>

TIMING-17#17 Critical Warning
Non-clocked sequential cell  
The clock pin starter_inst/SINGLE_APUF_GENERATOR[6].trigger_down_reg/C is not reached by a timing clock
Related violations: <none>

TIMING-17#18 Critical Warning
Non-clocked sequential cell  
The clock pin starter_inst/SINGLE_APUF_GENERATOR[6].trigger_up_reg/C is not reached by a timing clock
Related violations: <none>

TIMING-17#19 Critical Warning
Non-clocked sequential cell  
The clock pin starter_inst/SINGLE_APUF_GENERATOR[7].trigger_down_reg/C is not reached by a timing clock
Related violations: <none>

TIMING-17#20 Critical Warning
Non-clocked sequential cell  
The clock pin starter_inst/SINGLE_APUF_GENERATOR[7].trigger_up_reg/C is not reached by a timing clock
Related violations: <none>


